Using pre-set license
Built from '2022.3/staging' branch; Version is '2022.3.51f1 (9f9d16c45e54) revision 10460438'; Using compiler version '192829333'; Build Type 'Release'
OS: 'Windows 11  (10.0.26100) 64bit Professional' Language: 'zh' Physical Memory: 65375 MB
BatchMode: 1, IsHumanControllingUs: 0, StartBugReporterOnCrash: 0, Is64bit: 1, IsPro: 1

COMMAND LINE ARGUMENTS:
C:\Program Files\Unity\Hub\Editor\2022.3.51f1\Editor\Unity.exe
-adb2
-batchMode
-noUpm
-name
AssetImportWorker0
-projectPath
E:/wkspace/d1
-logFile
Logs/AssetImportWorker0.log
-srvPort
62049
Successfully changed project path to: E:/wkspace/d1
E:/wkspace/d1
[UnityMemory] Configuration Parameters - Can be set up in boot.config
    "memorysetup-bucket-allocator-granularity=16"
    "memorysetup-bucket-allocator-bucket-count=8"
    "memorysetup-bucket-allocator-block-size=33554432"
    "memorysetup-bucket-allocator-block-count=8"
    "memorysetup-main-allocator-block-size=16777216"
    "memorysetup-thread-allocator-block-size=16777216"
    "memorysetup-gfx-main-allocator-block-size=16777216"
    "memorysetup-gfx-thread-allocator-block-size=16777216"
    "memorysetup-cache-allocator-block-size=4194304"
    "memorysetup-typetree-allocator-block-size=2097152"
    "memorysetup-profiler-bucket-allocator-granularity=16"
    "memorysetup-profiler-bucket-allocator-bucket-count=8"
    "memorysetup-profiler-bucket-allocator-block-size=33554432"
    "memorysetup-profiler-bucket-allocator-block-count=8"
    "memorysetup-profiler-allocator-block-size=16777216"
    "memorysetup-profiler-editor-allocator-block-size=1048576"
    "memorysetup-temp-allocator-size-main=16777216"
    "memorysetup-job-temp-allocator-block-size=2097152"
    "memorysetup-job-temp-allocator-block-size-background=1048576"
    "memorysetup-job-temp-allocator-reduction-small-platforms=262144"
    "memorysetup-allocator-temp-initial-block-size-main=262144"
    "memorysetup-allocator-temp-initial-block-size-worker=262144"
    "memorysetup-temp-allocator-size-background-worker=32768"
    "memorysetup-temp-allocator-size-job-worker=262144"
    "memorysetup-temp-allocator-size-preload-manager=33554432"
    "memorysetup-temp-allocator-size-nav-mesh-worker=65536"
    "memorysetup-temp-allocator-size-audio-worker=65536"
    "memorysetup-temp-allocator-size-cloud-worker=32768"
    "memorysetup-temp-allocator-size-gi-baking-worker=262144"
    "memorysetup-temp-allocator-size-gfx=262144"
Player connection [11080]  Target information:

Player connection [11080]  * "[IP] 192.168.1.6 [Port] 0 [Flags] 2 [Guid] 3124253701 [EditorId] 3124253701 [Version] 1048832 [Id] WindowsEditor(7,home) [Debug] 1 [PackageName] WindowsEditor [ProjectName] Editor" 

Player connection [11080] Host joined multi-casting on [225.0.0.222:54997]...
Player connection [11080] Host joined alternative multi-casting on [225.0.0.222:34997]...
[PhysX] Initialized MultithreadedTaskDispatcher with 20 workers.
Refreshing native plugins compatible for Editor in 4.09 ms, found 4 plugins.
Preloading 0 native plugins for Editor in 0.00 ms.
Initialize engine version: 2022.3.51f1 (9f9d16c45e54)
[Subsystems] Discovering subsystems at path C:/Program Files/Unity/Hub/Editor/2022.3.51f1/Editor/Data/Resources/UnitySubsystems
[Subsystems] Discovering subsystems at path E:/wkspace/d1/Assets
GfxDevice: creating device client; threaded=0; jobified=0
Direct3D:
    Version:  Direct3D 11.0 [level 11.1]
    Renderer: NVIDIA GeForce RTX 5070 (ID=0x2f04)
    Vendor:   NVIDIA
    VRAM:     11855 MB
    Driver:   32.0.15.7628
Initialize mono
Mono path[0] = 'C:/Program Files/Unity/Hub/Editor/2022.3.51f1/Editor/Data/Managed'
Mono path[1] = 'C:/Program Files/Unity/Hub/Editor/2022.3.51f1/Editor/Data/MonoBleedingEdge/lib/mono/unityjit-win32'
Mono config path = 'C:/Program Files/Unity/Hub/Editor/2022.3.51f1/Editor/Data/MonoBleedingEdge/etc'
Using monoOptions --debugger-agent=transport=dt_socket,embedding=1,server=y,suspend=n,address=127.0.0.1:56876
Begin MonoManager ReloadAssembly
Registering precompiled unity dll's ...
Register platform support module: C:/Program Files/Unity/Hub/Editor/2022.3.51f1/Editor/Data/PlaybackEngines/WindowsStandaloneSupport/UnityEditor.WindowsStandalone.Extensions.dll
Registered in 0.003292 seconds.
- Loaded All Assemblies, in  0.211 seconds
Native extension for WindowsStandalone target not found
Mono: successfully reloaded assembly
- Finished resetting the current domain, in  0.165 seconds
Domain Reload Profiling: 375ms
	BeginReloadAssembly (66ms)
		ExecutionOrderSort (0ms)
		DisableScriptedObjects (0ms)
		BackupInstance (0ms)
		ReleaseScriptingObjects (0ms)
		CreateAndSetChildDomain (1ms)
	RebuildCommonClasses (20ms)
	RebuildNativeTypeToScriptingClass (6ms)
	initialDomainReloadingComplete (35ms)
	LoadAllAssembliesAndSetupDomain (83ms)
		LoadAssemblies (64ms)
		RebuildTransferFunctionScriptingTraits (0ms)
		AnalyzeDomain (82ms)
			TypeCache.Refresh (80ms)
				TypeCache.ScanAssembly (72ms)
			ScanForSourceGeneratedMonoScriptInfo (0ms)
			ResolveRequiredComponents (1ms)
	FinalizeReload (166ms)
		ReleaseScriptCaches (0ms)
		RebuildScriptCaches (0ms)
		SetupLoadedEditorAssemblies (137ms)
			LogAssemblyErrors (0ms)
			InitializePlatformSupportModulesInManaged (6ms)
			SetLoadedEditorAssemblies (5ms)
			RefreshPlugins (0ms)
			BeforeProcessingInitializeOnLoad (1ms)
			ProcessInitializeOnLoadAttributes (91ms)
			ProcessInitializeOnLoadMethodAttributes (34ms)
			AfterProcessingInitializeOnLoad (0ms)
			EditorAssembliesLoaded (0ms)
		ExecutionOrderSort2 (0ms)
		AwakeInstancesAfterBackupRestoration (0ms)
========================================================================
Worker process is ready to serve import requests
Caller must complete domain reload
Begin MonoManager ReloadAssembly
- Loaded All Assemblies, in  0.426 seconds
Native extension for WindowsStandalone target not found
Mono: successfully reloaded assembly
- Finished resetting the current domain, in  0.407 seconds
Domain Reload Profiling: 832ms
	BeginReloadAssembly (87ms)
		ExecutionOrderSort (0ms)
		DisableScriptedObjects (3ms)
		BackupInstance (0ms)
		ReleaseScriptingObjects (0ms)
		CreateAndSetChildDomain (13ms)
	RebuildCommonClasses (20ms)
	RebuildNativeTypeToScriptingClass (6ms)
	initialDomainReloadingComplete (28ms)
	LoadAllAssembliesAndSetupDomain (283ms)
		LoadAssemblies (185ms)
		RebuildTransferFunctionScriptingTraits (0ms)
		AnalyzeDomain (148ms)
			TypeCache.Refresh (119ms)
				TypeCache.ScanAssembly (108ms)
			ScanForSourceGeneratedMonoScriptInfo (23ms)
			ResolveRequiredComponents (5ms)
	FinalizeReload (408ms)
		ReleaseScriptCaches (0ms)
		RebuildScriptCaches (0ms)
		SetupLoadedEditorAssemblies (315ms)
			LogAssemblyErrors (0ms)
			InitializePlatformSupportModulesInManaged (4ms)
			SetLoadedEditorAssemblies (2ms)
			RefreshPlugins (0ms)
			BeforeProcessingInitializeOnLoad (42ms)
			ProcessInitializeOnLoadAttributes (240ms)
			ProcessInitializeOnLoadMethodAttributes (23ms)
			AfterProcessingInitializeOnLoad (4ms)
			EditorAssembliesLoaded (0ms)
		ExecutionOrderSort2 (0ms)
		AwakeInstancesAfterBackupRestoration (5ms)
Launched and connected shader compiler UnityShaderCompiler.exe after 0.03 seconds
Refreshing native plugins compatible for Editor in 2.44 ms, found 4 plugins.
Preloading 0 native plugins for Editor in 0.00 ms.
Unloading 4144 Unused Serialized files (Serialized files now loaded: 0)
Unloading 36 unused Assets / (3.2 MB). Loaded Objects now: 4611.
Memory consumption went from 148.4 MB to 145.2 MB.
Total: 3.374000 ms (FindLiveObjects: 0.209600 ms CreateObjectMapping: 0.065300 ms MarkObjects: 2.839900 ms  DeleteObjects: 0.258000 ms)

AssetImportParameters requested are different than current active one (requested -> active):
  custom:container-demuxer-ogg: 62fdf1f143b41e24485cea50d1cbac27 -> 
  custom:video-codec-MediaFoundation-h265: 746d11721c4dcdbdad8f713fa42b33f4 -> 
  custom:video-decoder-ogg-theora: a1e56fd34408186e4bbccfd4996cb3dc -> 
  custom:framework-win-MediaFoundation: 216162199b28c13a410421893ffa2e32 -> 
  custom:CustomObjectIndexerAttribute: 9a22284fe3817be447336de3de66b15e -> 
  custom:container-demuxer-webm: 4f35f7cbe854078d1ac9338744f61a02 -> 
  custom:container-muxer-webm: aa71ff27fc2769a1b78a27578f13a17b -> 
  custom:video-decoder-webm-vp8: 9c59270c3fd7afecdb556c50c9e8de78 -> 
  custom:SearchIndexIgnoredProperties: e643bd26f0fe6173181afceb89e7c659 -> 
  custom:AudioImporter_EditorPlatform: d09bf68614088b80899f8185d706f6e7 -> 
  custom:video-encoder-webm-vp8: eb34c28f22e8b96e1ab97ce403110664 -> 
  custom:audio-decoder-ogg-vorbis: bf7c407c2cedff20999df2af8eb42d56 -> 
  custom:audio-encoder-webm-vorbis: bf7c407c2cedff20999df2af8eb42d56 -> 
========================================================================
Received Import Request.
  Time since last request: 105793.780302 seconds.
  path: Assets/Arts/craftpix-net-622999-free-pixel-art-tiny-hero-sprites/1 Pink_Monster/Pink_Monster_Attack1_4.png
  artifactKey: Guid(5ceee86ee76273a42813ca40b4d26a5a) Importer(815301076,1909f56bfc062723c751e8b465ee728b)
Start importing Assets/Arts/craftpix-net-622999-free-pixel-art-tiny-hero-sprites/1 Pink_Monster/Pink_Monster_Attack1_4.png using Guid(5ceee86ee76273a42813ca40b4d26a5a) Importer(815301076,1909f56bfc062723c751e8b465ee728b) [PhysX] Initialized MultithreadedTaskDispatcher with 20 workers.
[PhysX] Initialized MultithreadedTaskDispatcher with 20 workers.
 -> (artifact id: 'b1307152df548d8bd08838f5fadd6e4a') in 0.064867 seconds
Number of updated asset objects reloaded before import = 0
Number of asset objects unloaded after import = 3
========================================================================
Received Import Request.
  Time since last request: 0.855449 seconds.
  path: Assets/Arts/craftpix-net-622999-free-pixel-art-tiny-hero-sprites/1 Pink_Monster/Pink_Monster.png
  artifactKey: Guid(88827567edda74c4eae444e72e97218a) Importer(815301076,1909f56bfc062723c751e8b465ee728b)
Start importing Assets/Arts/craftpix-net-622999-free-pixel-art-tiny-hero-sprites/1 Pink_Monster/Pink_Monster.png using Guid(88827567edda74c4eae444e72e97218a) Importer(815301076,1909f56bfc062723c751e8b465ee728b) [PhysX] Initialized MultithreadedTaskDispatcher with 20 workers.
[PhysX] Initialized MultithreadedTaskDispatcher with 20 workers.
 -> (artifact id: 'df01afce7647dc7cdd79fdd30cd30bb4') in 0.005211 seconds
Number of updated asset objects reloaded before import = 0
Number of asset objects unloaded after import = 3
========================================================================
Received Import Request.
  Time since last request: 1.218887 seconds.
  path: Assets/Arts/craftpix-net-622999-free-pixel-art-tiny-hero-sprites/1 Pink_Monster/Double_Jump_Dust_5.png
  artifactKey: Guid(110267e66a9406e40afd20e49e862159) Importer(815301076,1909f56bfc062723c751e8b465ee728b)
Start importing Assets/Arts/craftpix-net-622999-free-pixel-art-tiny-hero-sprites/1 Pink_Monster/Double_Jump_Dust_5.png using Guid(110267e66a9406e40afd20e49e862159) Importer(815301076,1909f56bfc062723c751e8b465ee728b) [PhysX] Initialized MultithreadedTaskDispatcher with 20 workers.
[PhysX] Initialized MultithreadedTaskDispatcher with 20 workers.
 -> (artifact id: '1cbfc970385231fa23383497c2445f44') in 0.004376 seconds
Number of updated asset objects reloaded before import = 0
Number of asset objects unloaded after import = 3
========================================================================
Received Import Request.
  Time since last request: 11.818073 seconds.
  path: Assets/Arts/craftpix-net-622999-free-pixel-art-tiny-hero-sprites/1 Pink_Monster/Double_Jump_Dust_5.png
  artifactKey: Guid(110267e66a9406e40afd20e49e862159) Importer(815301076,1909f56bfc062723c751e8b465ee728b)
Start importing Assets/Arts/craftpix-net-622999-free-pixel-art-tiny-hero-sprites/1 Pink_Monster/Double_Jump_Dust_5.png using Guid(110267e66a9406e40afd20e49e862159) Importer(815301076,1909f56bfc062723c751e8b465ee728b) [PhysX] Initialized MultithreadedTaskDispatcher with 20 workers.
[PhysX] Initialized MultithreadedTaskDispatcher with 20 workers.
 -> (artifact id: '83d23162bf30caf484ef516df52dd2e9') in 0.005079 seconds
Number of updated asset objects reloaded before import = 0
Number of asset objects unloaded after import = 2
========================================================================
Received Import Request.
  Time since last request: 78.794258 seconds.
  path: Assets/Arts/craftpix-net-622999-free-pixel-art-tiny-hero-sprites/1 Pink_Monster/Double_Jump_Dust_5.png
  artifactKey: Guid(110267e66a9406e40afd20e49e862159) Importer(815301076,1909f56bfc062723c751e8b465ee728b)
Start importing Assets/Arts/craftpix-net-622999-free-pixel-art-tiny-hero-sprites/1 Pink_Monster/Double_Jump_Dust_5.png using Guid(110267e66a9406e40afd20e49e862159) Importer(815301076,1909f56bfc062723c751e8b465ee728b) [PhysX] Initialized MultithreadedTaskDispatcher with 20 workers.
[PhysX] Initialized MultithreadedTaskDispatcher with 20 workers.
 -> (artifact id: '9b2f9ba8ed182775e3cb0a326561c38f') in 0.008541 seconds
Number of updated asset objects reloaded before import = 0
Number of asset objects unloaded after import = 7
========================================================================
Received Import Request.
  Time since last request: 26.752089 seconds.
  path: Assets/Arts/craftpix-net-622999-free-pixel-art-tiny-hero-sprites/1 Pink_Monster/Pink_Monster_Attack1_4.png
  artifactKey: Guid(5ceee86ee76273a42813ca40b4d26a5a) Importer(815301076,1909f56bfc062723c751e8b465ee728b)
Start importing Assets/Arts/craftpix-net-622999-free-pixel-art-tiny-hero-sprites/1 Pink_Monster/Pink_Monster_Attack1_4.png using Guid(5ceee86ee76273a42813ca40b4d26a5a) Importer(815301076,1909f56bfc062723c751e8b465ee728b) [PhysX] Initialized MultithreadedTaskDispatcher with 20 workers.
[PhysX] Initialized MultithreadedTaskDispatcher with 20 workers.
 -> (artifact id: 'f29a26c1d6897f35e73929993248bbc8') in 0.003737 seconds
Number of updated asset objects reloaded before import = 0
Number of asset objects unloaded after import = 2
========================================================================
Received Import Request.
  Time since last request: 7.056915 seconds.
  path: Assets/Arts/craftpix-net-622999-free-pixel-art-tiny-hero-sprites/1 Pink_Monster/Pink_Monster_Attack1_4.png
  artifactKey: Guid(5ceee86ee76273a42813ca40b4d26a5a) Importer(815301076,1909f56bfc062723c751e8b465ee728b)
Start importing Assets/Arts/craftpix-net-622999-free-pixel-art-tiny-hero-sprites/1 Pink_Monster/Pink_Monster_Attack1_4.png using Guid(5ceee86ee76273a42813ca40b4d26a5a) Importer(815301076,1909f56bfc062723c751e8b465ee728b) [PhysX] Initialized MultithreadedTaskDispatcher with 20 workers.
[PhysX] Initialized MultithreadedTaskDispatcher with 20 workers.
 -> (artifact id: '695c98d9d6ced8b3cdbd953c7351b34a') in 0.029012 seconds
Number of updated asset objects reloaded before import = 0
Number of asset objects unloaded after import = 18
========================================================================
Received Import Request.
  Time since last request: 35.402666 seconds.
  path: Assets/Arts/craftpix-net-622999-free-pixel-art-tiny-hero-sprites/1 Pink_Monster/Pink_Monster_Attack1_4.png
  artifactKey: Guid(5ceee86ee76273a42813ca40b4d26a5a) Importer(815301076,1909f56bfc062723c751e8b465ee728b)
Start importing Assets/Arts/craftpix-net-622999-free-pixel-art-tiny-hero-sprites/1 Pink_Monster/Pink_Monster_Attack1_4.png using Guid(5ceee86ee76273a42813ca40b4d26a5a) Importer(815301076,1909f56bfc062723c751e8b465ee728b) [PhysX] Initialized MultithreadedTaskDispatcher with 20 workers.
[PhysX] Initialized MultithreadedTaskDispatcher with 20 workers.
 -> (artifact id: '0d3da0272f9ded304842bcb760537475') in 0.007548 seconds
Number of updated asset objects reloaded before import = 0
Number of asset objects unloaded after import = 6
========================================================================
Received Import Request.
  Time since last request: 5.506937 seconds.
  path: Assets/Arts/craftpix-net-622999-free-pixel-art-tiny-hero-sprites/1 Pink_Monster/Pink_Monster_Attack2_6.png
  artifactKey: Guid(abd320f11c8f77a4a9c65a1356e5bb57) Importer(815301076,1909f56bfc062723c751e8b465ee728b)
Start importing Assets/Arts/craftpix-net-622999-free-pixel-art-tiny-hero-sprites/1 Pink_Monster/Pink_Monster_Attack2_6.png using Guid(abd320f11c8f77a4a9c65a1356e5bb57) Importer(815301076,1909f56bfc062723c751e8b465ee728b) [PhysX] Initialized MultithreadedTaskDispatcher with 20 workers.
[PhysX] Initialized MultithreadedTaskDispatcher with 20 workers.
 -> (artifact id: 'd5e5a5b66c5d0a45d46827ff35ba445d') in 0.010497 seconds
Number of updated asset objects reloaded before import = 0
Number of asset objects unloaded after import = 3
========================================================================
Received Import Request.
  Time since last request: 10.357457 seconds.
  path: Assets/Arts/craftpix-net-622999-free-pixel-art-tiny-hero-sprites/1 Pink_Monster/Pink_Monster_Attack2_6.png
  artifactKey: Guid(abd320f11c8f77a4a9c65a1356e5bb57) Importer(815301076,1909f56bfc062723c751e8b465ee728b)
Start importing Assets/Arts/craftpix-net-622999-free-pixel-art-tiny-hero-sprites/1 Pink_Monster/Pink_Monster_Attack2_6.png using Guid(abd320f11c8f77a4a9c65a1356e5bb57) Importer(815301076,1909f56bfc062723c751e8b465ee728b) [PhysX] Initialized MultithreadedTaskDispatcher with 20 workers.
[PhysX] Initialized MultithreadedTaskDispatcher with 20 workers.
 -> (artifact id: '88e35e4cc07a47237b1ffe33a0c6a8ce') in 0.004075 seconds
Number of updated asset objects reloaded before import = 0
Number of asset objects unloaded after import = 2
========================================================================
Received Import Request.
  Time since last request: 9.060693 seconds.
  path: Assets/Arts/craftpix-net-622999-free-pixel-art-tiny-hero-sprites/1 Pink_Monster/Pink_Monster_Attack2_6.png
  artifactKey: Guid(abd320f11c8f77a4a9c65a1356e5bb57) Importer(815301076,1909f56bfc062723c751e8b465ee728b)
Start importing Assets/Arts/craftpix-net-622999-free-pixel-art-tiny-hero-sprites/1 Pink_Monster/Pink_Monster_Attack2_6.png using Guid(abd320f11c8f77a4a9c65a1356e5bb57) Importer(815301076,1909f56bfc062723c751e8b465ee728b) [PhysX] Initialized MultithreadedTaskDispatcher with 20 workers.
[PhysX] Initialized MultithreadedTaskDispatcher with 20 workers.
 -> (artifact id: '95f3fcd6042f1f7afedad3f29ad27848') in 0.012519 seconds
Number of updated asset objects reloaded before import = 0
Number of asset objects unloaded after import = 8
========================================================================
Received Import Request.
  Time since last request: 1.683994 seconds.
  path: Assets/Arts/craftpix-net-622999-free-pixel-art-tiny-hero-sprites/1 Pink_Monster/Pink_Monster_Climb_4.png
  artifactKey: Guid(db03d69f61d344345ade5477d285034d) Importer(815301076,1909f56bfc062723c751e8b465ee728b)
Start importing Assets/Arts/craftpix-net-622999-free-pixel-art-tiny-hero-sprites/1 Pink_Monster/Pink_Monster_Climb_4.png using Guid(db03d69f61d344345ade5477d285034d) Importer(815301076,1909f56bfc062723c751e8b465ee728b) [PhysX] Initialized MultithreadedTaskDispatcher with 20 workers.
[PhysX] Initialized MultithreadedTaskDispatcher with 20 workers.
 -> (artifact id: '562ffedf7e4ba0d76b4a9774323af0d4') in 0.005145 seconds
Number of updated asset objects reloaded before import = 0
Number of asset objects unloaded after import = 3
========================================================================
Received Import Request.
  Time since last request: 18.236922 seconds.
  path: Assets/Arts/craftpix-net-622999-free-pixel-art-tiny-hero-sprites/1 Pink_Monster/Pink_Monster_Jump_8.png
  artifactKey: Guid(84db268d6ca3d074ca1ae0b8dbc74ab3) Importer(815301076,1909f56bfc062723c751e8b465ee728b)
Start importing Assets/Arts/craftpix-net-622999-free-pixel-art-tiny-hero-sprites/1 Pink_Monster/Pink_Monster_Jump_8.png using Guid(84db268d6ca3d074ca1ae0b8dbc74ab3) Importer(815301076,1909f56bfc062723c751e8b465ee728b) [PhysX] Initialized MultithreadedTaskDispatcher with 20 workers.
[PhysX] Initialized MultithreadedTaskDispatcher with 20 workers.
 -> (artifact id: '7f566eadecde16585c65e97cbea7ada9') in 0.013440 seconds
Number of updated asset objects reloaded before import = 0
Number of asset objects unloaded after import = 3
========================================================================
Received Import Request.
  Time since last request: 7.045069 seconds.
  path: Assets/Arts/craftpix-net-622999-free-pixel-art-tiny-hero-sprites/1 Pink_Monster/Pink_Monster_Jump_8.png
  artifactKey: Guid(84db268d6ca3d074ca1ae0b8dbc74ab3) Importer(815301076,1909f56bfc062723c751e8b465ee728b)
Start importing Assets/Arts/craftpix-net-622999-free-pixel-art-tiny-hero-sprites/1 Pink_Monster/Pink_Monster_Jump_8.png using Guid(84db268d6ca3d074ca1ae0b8dbc74ab3) Importer(815301076,1909f56bfc062723c751e8b465ee728b) [PhysX] Initialized MultithreadedTaskDispatcher with 20 workers.
[PhysX] Initialized MultithreadedTaskDispatcher with 20 workers.
 -> (artifact id: 'ec1ec4ded718a4ea395bb734f014d0bd') in 0.003841 seconds
Number of updated asset objects reloaded before import = 0
Number of asset objects unloaded after import = 2
========================================================================
Received Import Request.
  Time since last request: 6.155970 seconds.
  path: Assets/Arts/craftpix-net-622999-free-pixel-art-tiny-hero-sprites/1 Pink_Monster/Pink_Monster_Jump_8.png
  artifactKey: Guid(84db268d6ca3d074ca1ae0b8dbc74ab3) Importer(815301076,1909f56bfc062723c751e8b465ee728b)
Start importing Assets/Arts/craftpix-net-622999-free-pixel-art-tiny-hero-sprites/1 Pink_Monster/Pink_Monster_Jump_8.png using Guid(84db268d6ca3d074ca1ae0b8dbc74ab3) Importer(815301076,1909f56bfc062723c751e8b465ee728b) [PhysX] Initialized MultithreadedTaskDispatcher with 20 workers.
[PhysX] Initialized MultithreadedTaskDispatcher with 20 workers.
 -> (artifact id: 'd19bc683e672debe2b8be5b8735d709f') in 0.015851 seconds
Number of updated asset objects reloaded before import = 0
Number of asset objects unloaded after import = 10
========================================================================
Received Import Request.
  Time since last request: 224.325235 seconds.
  path: Assets/Arts/craftpix-net-622999-free-pixel-art-tiny-hero-sprites/1 Pink_Monster/Pink_Monster_Idle_4.png
  artifactKey: Guid(a36f350d1ea7a354384e85a334ca7481) Importer(815301076,1909f56bfc062723c751e8b465ee728b)
Start importing Assets/Arts/craftpix-net-622999-free-pixel-art-tiny-hero-sprites/1 Pink_Monster/Pink_Monster_Idle_4.png using Guid(a36f350d1ea7a354384e85a334ca7481) Importer(815301076,1909f56bfc062723c751e8b465ee728b) [PhysX] Initialized MultithreadedTaskDispatcher with 20 workers.
[PhysX] Initialized MultithreadedTaskDispatcher with 20 workers.
 -> (artifact id: '281cd6181e084efbfcdf5e90e38ec9c5') in 0.005734 seconds
Number of updated asset objects reloaded before import = 0
Number of asset objects unloaded after import = 3
========================================================================
Received Import Request.
  Time since last request: 4.748010 seconds.
  path: Assets/Arts/craftpix-net-622999-free-pixel-art-tiny-hero-sprites/1 Pink_Monster/Pink_Monster_Idle_4.png
  artifactKey: Guid(a36f350d1ea7a354384e85a334ca7481) Importer(815301076,1909f56bfc062723c751e8b465ee728b)
Start importing Assets/Arts/craftpix-net-622999-free-pixel-art-tiny-hero-sprites/1 Pink_Monster/Pink_Monster_Idle_4.png using Guid(a36f350d1ea7a354384e85a334ca7481) Importer(815301076,1909f56bfc062723c751e8b465ee728b) [PhysX] Initialized MultithreadedTaskDispatcher with 20 workers.
[PhysX] Initialized MultithreadedTaskDispatcher with 20 workers.
 -> (artifact id: 'f3f11af9c5b6bf18f8c5a2eef01b1b2c') in 0.003484 seconds
Number of updated asset objects reloaded before import = 0
Number of asset objects unloaded after import = 2
========================================================================
Received Import Request.
  Time since last request: 8.609683 seconds.
  path: Assets/Arts/craftpix-net-622999-free-pixel-art-tiny-hero-sprites/1 Pink_Monster/Pink_Monster_Idle_4.png
  artifactKey: Guid(a36f350d1ea7a354384e85a334ca7481) Importer(815301076,1909f56bfc062723c751e8b465ee728b)
Start importing Assets/Arts/craftpix-net-622999-free-pixel-art-tiny-hero-sprites/1 Pink_Monster/Pink_Monster_Idle_4.png using Guid(a36f350d1ea7a354384e85a334ca7481) Importer(815301076,1909f56bfc062723c751e8b465ee728b) [PhysX] Initialized MultithreadedTaskDispatcher with 20 workers.
[PhysX] Initialized MultithreadedTaskDispatcher with 20 workers.
 -> (artifact id: '4463769652d49b8a17fe03a6dbaa4aac') in 0.016138 seconds
Number of updated asset objects reloaded before import = 0
Number of asset objects unloaded after import = 6
========================================================================
Received Import Request.
  Time since last request: 1.682466 seconds.
  path: Assets/Arts/craftpix-net-622999-free-pixel-art-tiny-hero-sprites/1 Pink_Monster/Pink_Monster_Hurt_4.png
  artifactKey: Guid(f1da86afb2603bd448ebc26f440cf53f) Importer(815301076,1909f56bfc062723c751e8b465ee728b)
Start importing Assets/Arts/craftpix-net-622999-free-pixel-art-tiny-hero-sprites/1 Pink_Monster/Pink_Monster_Hurt_4.png using Guid(f1da86afb2603bd448ebc26f440cf53f) Importer(815301076,1909f56bfc062723c751e8b465ee728b) [PhysX] Initialized MultithreadedTaskDispatcher with 20 workers.
[PhysX] Initialized MultithreadedTaskDispatcher with 20 workers.
 -> (artifact id: '9723045428ea2dd32a0418ba280b8d78') in 0.005715 seconds
Number of updated asset objects reloaded before import = 0
Number of asset objects unloaded after import = 3
========================================================================
Received Import Request.
  Time since last request: 7.435270 seconds.
  path: Assets/Arts/craftpix-net-622999-free-pixel-art-tiny-hero-sprites/1 Pink_Monster/Pink_Monster_Hurt_4.png
  artifactKey: Guid(f1da86afb2603bd448ebc26f440cf53f) Importer(815301076,1909f56bfc062723c751e8b465ee728b)
Start importing Assets/Arts/craftpix-net-622999-free-pixel-art-tiny-hero-sprites/1 Pink_Monster/Pink_Monster_Hurt_4.png using Guid(f1da86afb2603bd448ebc26f440cf53f) Importer(815301076,1909f56bfc062723c751e8b465ee728b) [PhysX] Initialized MultithreadedTaskDispatcher with 20 workers.
[PhysX] Initialized MultithreadedTaskDispatcher with 20 workers.
 -> (artifact id: 'c7ddf13a44ec91652a5e66ab62a6ff5a') in 0.004087 seconds
Number of updated asset objects reloaded before import = 0
Number of asset objects unloaded after import = 2
========================================================================
Received Import Request.
  Time since last request: 3.107656 seconds.
  path: Assets/Arts/craftpix-net-622999-free-pixel-art-tiny-hero-sprites/1 Pink_Monster/Pink_Monster_Hurt_4.png
  artifactKey: Guid(f1da86afb2603bd448ebc26f440cf53f) Importer(815301076,1909f56bfc062723c751e8b465ee728b)
Start importing Assets/Arts/craftpix-net-622999-free-pixel-art-tiny-hero-sprites/1 Pink_Monster/Pink_Monster_Hurt_4.png using Guid(f1da86afb2603bd448ebc26f440cf53f) Importer(815301076,1909f56bfc062723c751e8b465ee728b) [PhysX] Initialized MultithreadedTaskDispatcher with 20 workers.
[PhysX] Initialized MultithreadedTaskDispatcher with 20 workers.
 -> (artifact id: '715079187b2f157d055b549325ab3dfe') in 0.006704 seconds
Number of updated asset objects reloaded before import = 0
Number of asset objects unloaded after import = 6
========================================================================
Received Import Request.
  Time since last request: 19.459429 seconds.
  path: Assets/Arts/craftpix-net-622999-free-pixel-art-tiny-hero-sprites/1 Pink_Monster/Double_Jump_Dust_5.png
  artifactKey: Guid(110267e66a9406e40afd20e49e862159) Importer(815301076,1909f56bfc062723c751e8b465ee728b)
Start importing Assets/Arts/craftpix-net-622999-free-pixel-art-tiny-hero-sprites/1 Pink_Monster/Double_Jump_Dust_5.png using Guid(110267e66a9406e40afd20e49e862159) Importer(815301076,1909f56bfc062723c751e8b465ee728b) [PhysX] Initialized MultithreadedTaskDispatcher with 20 workers.
[PhysX] Initialized MultithreadedTaskDispatcher with 20 workers.
 -> (artifact id: '9fbd89260d5e049b76d10b7bb8fa0a78') in 0.013832 seconds
Number of updated asset objects reloaded before import = 0
Number of asset objects unloaded after import = 7
========================================================================
Received Import Request.
  Time since last request: 15.718172 seconds.
  path: Assets/Arts/craftpix-net-622999-free-pixel-art-tiny-hero-sprites/1 Pink_Monster/Pink_Monster_Climb_4.png
  artifactKey: Guid(db03d69f61d344345ade5477d285034d) Importer(815301076,1909f56bfc062723c751e8b465ee728b)
Start importing Assets/Arts/craftpix-net-622999-free-pixel-art-tiny-hero-sprites/1 Pink_Monster/Pink_Monster_Climb_4.png using Guid(db03d69f61d344345ade5477d285034d) Importer(815301076,1909f56bfc062723c751e8b465ee728b) [PhysX] Initialized MultithreadedTaskDispatcher with 20 workers.
[PhysX] Initialized MultithreadedTaskDispatcher with 20 workers.
 -> (artifact id: 'e7ec800467730232a06f885e702f2e06') in 0.004248 seconds
Number of updated asset objects reloaded before import = 0
Number of asset objects unloaded after import = 2
========================================================================
Received Import Request.
  Time since last request: 3.279438 seconds.
  path: Assets/Arts/craftpix-net-622999-free-pixel-art-tiny-hero-sprites/1 Pink_Monster/Pink_Monster_Climb_4.png
  artifactKey: Guid(db03d69f61d344345ade5477d285034d) Importer(815301076,1909f56bfc062723c751e8b465ee728b)
Start importing Assets/Arts/craftpix-net-622999-free-pixel-art-tiny-hero-sprites/1 Pink_Monster/Pink_Monster_Climb_4.png using Guid(db03d69f61d344345ade5477d285034d) Importer(815301076,1909f56bfc062723c751e8b465ee728b) [PhysX] Initialized MultithreadedTaskDispatcher with 20 workers.
[PhysX] Initialized MultithreadedTaskDispatcher with 20 workers.
 -> (artifact id: '6e352c84854aade3968ea1b2cb1344e7') in 0.009430 seconds
Number of updated asset objects reloaded before import = 0
Number of asset objects unloaded after import = 6
========================================================================
Received Import Request.
  Time since last request: 4.404056 seconds.
  path: Assets/Arts/craftpix-net-622999-free-pixel-art-tiny-hero-sprites/1 Pink_Monster/Pink_Monster_Death_8.png
  artifactKey: Guid(65dcb4ac522baa345aa495951b1e1059) Importer(815301076,1909f56bfc062723c751e8b465ee728b)
Start importing Assets/Arts/craftpix-net-622999-free-pixel-art-tiny-hero-sprites/1 Pink_Monster/Pink_Monster_Death_8.png using Guid(65dcb4ac522baa345aa495951b1e1059) Importer(815301076,1909f56bfc062723c751e8b465ee728b) [PhysX] Initialized MultithreadedTaskDispatcher with 20 workers.
[PhysX] Initialized MultithreadedTaskDispatcher with 20 workers.
 -> (artifact id: '38e4fda41a0f704d780af0744cb260e6') in 0.013898 seconds
Number of updated asset objects reloaded before import = 0
Number of asset objects unloaded after import = 3
========================================================================
Received Import Request.
  Time since last request: 7.697766 seconds.
  path: Assets/Arts/craftpix-net-622999-free-pixel-art-tiny-hero-sprites/1 Pink_Monster/Pink_Monster_Death_8.png
  artifactKey: Guid(65dcb4ac522baa345aa495951b1e1059) Importer(815301076,1909f56bfc062723c751e8b465ee728b)
Start importing Assets/Arts/craftpix-net-622999-free-pixel-art-tiny-hero-sprites/1 Pink_Monster/Pink_Monster_Death_8.png using Guid(65dcb4ac522baa345aa495951b1e1059) Importer(815301076,1909f56bfc062723c751e8b465ee728b) [PhysX] Initialized MultithreadedTaskDispatcher with 20 workers.
[PhysX] Initialized MultithreadedTaskDispatcher with 20 workers.
 -> (artifact id: '0c419f950e71e4f85b195d1a6a864f86') in 0.004293 seconds
Number of updated asset objects reloaded before import = 0
Number of asset objects unloaded after import = 2
========================================================================
Received Import Request.
  Time since last request: 3.065870 seconds.
  path: Assets/Arts/craftpix-net-622999-free-pixel-art-tiny-hero-sprites/1 Pink_Monster/Pink_Monster_Death_8.png
  artifactKey: Guid(65dcb4ac522baa345aa495951b1e1059) Importer(815301076,1909f56bfc062723c751e8b465ee728b)
Start importing Assets/Arts/craftpix-net-622999-free-pixel-art-tiny-hero-sprites/1 Pink_Monster/Pink_Monster_Death_8.png using Guid(65dcb4ac522baa345aa495951b1e1059) Importer(815301076,1909f56bfc062723c751e8b465ee728b) [PhysX] Initialized MultithreadedTaskDispatcher with 20 workers.
[PhysX] Initialized MultithreadedTaskDispatcher with 20 workers.
 -> (artifact id: '979dd05888dc3798309f7b237f40e324') in 0.012772 seconds
Number of updated asset objects reloaded before import = 0
Number of asset objects unloaded after import = 10
========================================================================
Received Import Request.
  Time since last request: 22.955489 seconds.
  path: Assets/Arts/craftpix-net-622999-free-pixel-art-tiny-hero-sprites/1 Pink_Monster/Pink_Monster_Push_6.png
  artifactKey: Guid(e123e70296006f34db66ec6c4c142c61) Importer(815301076,1909f56bfc062723c751e8b465ee728b)
Start importing Assets/Arts/craftpix-net-622999-free-pixel-art-tiny-hero-sprites/1 Pink_Monster/Pink_Monster_Push_6.png using Guid(e123e70296006f34db66ec6c4c142c61) Importer(815301076,1909f56bfc062723c751e8b465ee728b) [PhysX] Initialized MultithreadedTaskDispatcher with 20 workers.
[PhysX] Initialized MultithreadedTaskDispatcher with 20 workers.
 -> (artifact id: '4bd311247a4b7c06124f093125553e8f') in 0.008804 seconds
Number of updated asset objects reloaded before import = 0
Number of asset objects unloaded after import = 3
========================================================================
Received Import Request.
  Time since last request: 6.771351 seconds.
  path: Assets/Arts/craftpix-net-622999-free-pixel-art-tiny-hero-sprites/1 Pink_Monster/Pink_Monster_Push_6.png
  artifactKey: Guid(e123e70296006f34db66ec6c4c142c61) Importer(815301076,1909f56bfc062723c751e8b465ee728b)
Start importing Assets/Arts/craftpix-net-622999-free-pixel-art-tiny-hero-sprites/1 Pink_Monster/Pink_Monster_Push_6.png using Guid(e123e70296006f34db66ec6c4c142c61) Importer(815301076,1909f56bfc062723c751e8b465ee728b) [PhysX] Initialized MultithreadedTaskDispatcher with 20 workers.
[PhysX] Initialized MultithreadedTaskDispatcher with 20 workers.
 -> (artifact id: 'f571240266d4b3ec705c96f98ca91329') in 0.003907 seconds
Number of updated asset objects reloaded before import = 0
Number of asset objects unloaded after import = 2
========================================================================
Received Import Request.
  Time since last request: 4.311528 seconds.
  path: Assets/Arts/craftpix-net-622999-free-pixel-art-tiny-hero-sprites/1 Pink_Monster/Pink_Monster_Push_6.png
  artifactKey: Guid(e123e70296006f34db66ec6c4c142c61) Importer(815301076,1909f56bfc062723c751e8b465ee728b)
Start importing Assets/Arts/craftpix-net-622999-free-pixel-art-tiny-hero-sprites/1 Pink_Monster/Pink_Monster_Push_6.png using Guid(e123e70296006f34db66ec6c4c142c61) Importer(815301076,1909f56bfc062723c751e8b465ee728b) [PhysX] Initialized MultithreadedTaskDispatcher with 20 workers.
[PhysX] Initialized MultithreadedTaskDispatcher with 20 workers.
 -> (artifact id: 'acda123b263744479c43c7ccc7766840') in 0.012724 seconds
Number of updated asset objects reloaded before import = 0
Number of asset objects unloaded after import = 8
========================================================================
Received Import Request.
  Time since last request: 3.367894 seconds.
  path: Assets/Arts/craftpix-net-622999-free-pixel-art-tiny-hero-sprites/1 Pink_Monster/Pink_Monster_Run_6.png
  artifactKey: Guid(764219c328a90b643ba5f844e7f69609) Importer(815301076,1909f56bfc062723c751e8b465ee728b)
Start importing Assets/Arts/craftpix-net-622999-free-pixel-art-tiny-hero-sprites/1 Pink_Monster/Pink_Monster_Run_6.png using Guid(764219c328a90b643ba5f844e7f69609) Importer(815301076,1909f56bfc062723c751e8b465ee728b) [PhysX] Initialized MultithreadedTaskDispatcher with 20 workers.
[PhysX] Initialized MultithreadedTaskDispatcher with 20 workers.
 -> (artifact id: '33148ebc1d6ab4b2f879b7e9a99adb05') in 0.004884 seconds
Number of updated asset objects reloaded before import = 0
Number of asset objects unloaded after import = 3
========================================================================
Received Import Request.
  Time since last request: 0.590264 seconds.
  path: Assets/Arts/craftpix-net-622999-free-pixel-art-tiny-hero-sprites/1 Pink_Monster/Pink_Monster_Throw_4.png
  artifactKey: Guid(9d69aad3d7074a84a9ef41bf309e675d) Importer(815301076,1909f56bfc062723c751e8b465ee728b)
Start importing Assets/Arts/craftpix-net-622999-free-pixel-art-tiny-hero-sprites/1 Pink_Monster/Pink_Monster_Throw_4.png using Guid(9d69aad3d7074a84a9ef41bf309e675d) Importer(815301076,1909f56bfc062723c751e8b465ee728b) [PhysX] Initialized MultithreadedTaskDispatcher with 20 workers.
[PhysX] Initialized MultithreadedTaskDispatcher with 20 workers.
 -> (artifact id: 'b22bb6fa8bc18c7c2b4fc7bf4d164fc5') in 0.005310 seconds
Number of updated asset objects reloaded before import = 0
Number of asset objects unloaded after import = 3
========================================================================
Received Import Request.
  Time since last request: 3.569436 seconds.
  path: Assets/Arts/craftpix-net-622999-free-pixel-art-tiny-hero-sprites/1 Pink_Monster/Rock1.png
  artifactKey: Guid(77043a45f92e73045b5425fa461bb025) Importer(815301076,1909f56bfc062723c751e8b465ee728b)
Start importing Assets/Arts/craftpix-net-622999-free-pixel-art-tiny-hero-sprites/1 Pink_Monster/Rock1.png using Guid(77043a45f92e73045b5425fa461bb025) Importer(815301076,1909f56bfc062723c751e8b465ee728b) [PhysX] Initialized MultithreadedTaskDispatcher with 20 workers.
[PhysX] Initialized MultithreadedTaskDispatcher with 20 workers.
 -> (artifact id: '1190b1ce9e01bc7003849f7c2fabd398') in 0.005998 seconds
Number of updated asset objects reloaded before import = 0
Number of asset objects unloaded after import = 3
========================================================================
Received Import Request.
  Time since last request: 0.451868 seconds.
  path: Assets/Arts/craftpix-net-622999-free-pixel-art-tiny-hero-sprites/1 Pink_Monster/Rock2.png
  artifactKey: Guid(c9143c14918372144aaf1f314bc54930) Importer(815301076,1909f56bfc062723c751e8b465ee728b)
Start importing Assets/Arts/craftpix-net-622999-free-pixel-art-tiny-hero-sprites/1 Pink_Monster/Rock2.png using Guid(c9143c14918372144aaf1f314bc54930) Importer(815301076,1909f56bfc062723c751e8b465ee728b) [PhysX] Initialized MultithreadedTaskDispatcher with 20 workers.
[PhysX] Initialized MultithreadedTaskDispatcher with 20 workers.
 -> (artifact id: '8fc2edde5eb0b35f990bb9e948deb1f7') in 0.014758 seconds
Number of updated asset objects reloaded before import = 0
Number of asset objects unloaded after import = 3
========================================================================
Received Import Request.
  Time since last request: 1.375422 seconds.
  path: Assets/Arts/craftpix-net-622999-free-pixel-art-tiny-hero-sprites/1 Pink_Monster/Walk_Run_Push_Dust_6.png
  artifactKey: Guid(efd6884e62872904481ebefb36fc7dc3) Importer(815301076,1909f56bfc062723c751e8b465ee728b)
Start importing Assets/Arts/craftpix-net-622999-free-pixel-art-tiny-hero-sprites/1 Pink_Monster/Walk_Run_Push_Dust_6.png using Guid(efd6884e62872904481ebefb36fc7dc3) Importer(815301076,1909f56bfc062723c751e8b465ee728b) [PhysX] Initialized MultithreadedTaskDispatcher with 20 workers.
[PhysX] Initialized MultithreadedTaskDispatcher with 20 workers.
 -> (artifact id: 'c3e1d06cba7d1551cb6dc2ebefbe7d26') in 0.004464 seconds
Number of updated asset objects reloaded before import = 0
Number of asset objects unloaded after import = 3
========================================================================
Received Import Request.
  Time since last request: 11.705045 seconds.
  path: Assets/Arts/craftpix-net-622999-free-pixel-art-tiny-hero-sprites/1 Pink_Monster/Pink_Monster_Run_6.png
  artifactKey: Guid(764219c328a90b643ba5f844e7f69609) Importer(815301076,1909f56bfc062723c751e8b465ee728b)
Start importing Assets/Arts/craftpix-net-622999-free-pixel-art-tiny-hero-sprites/1 Pink_Monster/Pink_Monster_Run_6.png using Guid(764219c328a90b643ba5f844e7f69609) Importer(815301076,1909f56bfc062723c751e8b465ee728b) [PhysX] Initialized MultithreadedTaskDispatcher with 20 workers.
[PhysX] Initialized MultithreadedTaskDispatcher with 20 workers.
 -> (artifact id: '5e372fd3e6b20d2748864bd96d969fae') in 0.003502 seconds
Number of updated asset objects reloaded before import = 0
Number of asset objects unloaded after import = 2
========================================================================
Received Import Request.
  Time since last request: 6.497141 seconds.
  path: Assets/Arts/craftpix-net-622999-free-pixel-art-tiny-hero-sprites/1 Pink_Monster/Pink_Monster_Run_6.png
  artifactKey: Guid(764219c328a90b643ba5f844e7f69609) Importer(815301076,1909f56bfc062723c751e8b465ee728b)
Start importing Assets/Arts/craftpix-net-622999-free-pixel-art-tiny-hero-sprites/1 Pink_Monster/Pink_Monster_Run_6.png using Guid(764219c328a90b643ba5f844e7f69609) Importer(815301076,1909f56bfc062723c751e8b465ee728b) [PhysX] Initialized MultithreadedTaskDispatcher with 20 workers.
[PhysX] Initialized MultithreadedTaskDispatcher with 20 workers.
 -> (artifact id: '29fe60f6b4ef1509283ab68e09b0e0aa') in 0.013651 seconds
Number of updated asset objects reloaded before import = 0
Number of asset objects unloaded after import = 8
========================================================================
Received Import Request.
  Time since last request: 7.271952 seconds.
  path: Assets/Arts/craftpix-net-622999-free-pixel-art-tiny-hero-sprites/1 Pink_Monster/Pink_Monster_Throw_4.png
  artifactKey: Guid(9d69aad3d7074a84a9ef41bf309e675d) Importer(815301076,1909f56bfc062723c751e8b465ee728b)
Start importing Assets/Arts/craftpix-net-622999-free-pixel-art-tiny-hero-sprites/1 Pink_Monster/Pink_Monster_Throw_4.png using Guid(9d69aad3d7074a84a9ef41bf309e675d) Importer(815301076,1909f56bfc062723c751e8b465ee728b) [PhysX] Initialized MultithreadedTaskDispatcher with 20 workers.
[PhysX] Initialized MultithreadedTaskDispatcher with 20 workers.
 -> (artifact id: 'a4f4e493a31069215423f390a30e8375') in 0.003903 seconds
Number of updated asset objects reloaded before import = 0
Number of asset objects unloaded after import = 2
========================================================================
Received Import Request.
  Time since last request: 3.209281 seconds.
  path: Assets/Arts/craftpix-net-622999-free-pixel-art-tiny-hero-sprites/1 Pink_Monster/Pink_Monster_Throw_4.png
  artifactKey: Guid(9d69aad3d7074a84a9ef41bf309e675d) Importer(815301076,1909f56bfc062723c751e8b465ee728b)
Start importing Assets/Arts/craftpix-net-622999-free-pixel-art-tiny-hero-sprites/1 Pink_Monster/Pink_Monster_Throw_4.png using Guid(9d69aad3d7074a84a9ef41bf309e675d) Importer(815301076,1909f56bfc062723c751e8b465ee728b) [PhysX] Initialized MultithreadedTaskDispatcher with 20 workers.
[PhysX] Initialized MultithreadedTaskDispatcher with 20 workers.
 -> (artifact id: 'bb13d57823eba7b71bad7427bdfe22e2') in 0.007363 seconds
Number of updated asset objects reloaded before import = 0
Number of asset objects unloaded after import = 6
========================================================================
Received Import Request.
  Time since last request: 3.776822 seconds.
  path: Assets/Arts/craftpix-net-622999-free-pixel-art-tiny-hero-sprites/1 Pink_Monster/Pink_Monster_Walk+Attack_6.png
  artifactKey: Guid(202d1a22c81c6ee42ab54e4762d3a843) Importer(815301076,1909f56bfc062723c751e8b465ee728b)
Start importing Assets/Arts/craftpix-net-622999-free-pixel-art-tiny-hero-sprites/1 Pink_Monster/Pink_Monster_Walk+Attack_6.png using Guid(202d1a22c81c6ee42ab54e4762d3a843) Importer(815301076,1909f56bfc062723c751e8b465ee728b) [PhysX] Initialized MultithreadedTaskDispatcher with 20 workers.
[PhysX] Initialized MultithreadedTaskDispatcher with 20 workers.
 -> (artifact id: '41763a50dea090d157cc06e32572ce0b') in 0.005045 seconds
Number of updated asset objects reloaded before import = 0
Number of asset objects unloaded after import = 3
========================================================================
Received Import Request.
  Time since last request: 7.453390 seconds.
  path: Assets/Arts/craftpix-net-622999-free-pixel-art-tiny-hero-sprites/1 Pink_Monster/Pink_Monster_Walk+Attack_6.png
  artifactKey: Guid(202d1a22c81c6ee42ab54e4762d3a843) Importer(815301076,1909f56bfc062723c751e8b465ee728b)
Start importing Assets/Arts/craftpix-net-622999-free-pixel-art-tiny-hero-sprites/1 Pink_Monster/Pink_Monster_Walk+Attack_6.png using Guid(202d1a22c81c6ee42ab54e4762d3a843) Importer(815301076,1909f56bfc062723c751e8b465ee728b) [PhysX] Initialized MultithreadedTaskDispatcher with 20 workers.
[PhysX] Initialized MultithreadedTaskDispatcher with 20 workers.
 -> (artifact id: 'a5d8fa4436f656f92e1522cb04b60070') in 0.003877 seconds
Number of updated asset objects reloaded before import = 0
Number of asset objects unloaded after import = 2
========================================================================
Received Import Request.
  Time since last request: 2.393960 seconds.
  path: Assets/Arts/craftpix-net-622999-free-pixel-art-tiny-hero-sprites/1 Pink_Monster/Pink_Monster_Walk+Attack_6.png
  artifactKey: Guid(202d1a22c81c6ee42ab54e4762d3a843) Importer(815301076,1909f56bfc062723c751e8b465ee728b)
Start importing Assets/Arts/craftpix-net-622999-free-pixel-art-tiny-hero-sprites/1 Pink_Monster/Pink_Monster_Walk+Attack_6.png using Guid(202d1a22c81c6ee42ab54e4762d3a843) Importer(815301076,1909f56bfc062723c751e8b465ee728b) [PhysX] Initialized MultithreadedTaskDispatcher with 20 workers.
[PhysX] Initialized MultithreadedTaskDispatcher with 20 workers.
 -> (artifact id: '8a69c8155a953343aa53678b49faa63b') in 0.009866 seconds
Number of updated asset objects reloaded before import = 0
Number of asset objects unloaded after import = 8
========================================================================
Received Import Request.
  Time since last request: 2.741926 seconds.
  path: Assets/Arts/craftpix-net-622999-free-pixel-art-tiny-hero-sprites/1 Pink_Monster/Pink_Monster_Walk_6.png
  artifactKey: Guid(925ccece338e2da438166382058b302d) Importer(815301076,1909f56bfc062723c751e8b465ee728b)
Start importing Assets/Arts/craftpix-net-622999-free-pixel-art-tiny-hero-sprites/1 Pink_Monster/Pink_Monster_Walk_6.png using Guid(925ccece338e2da438166382058b302d) Importer(815301076,1909f56bfc062723c751e8b465ee728b) [PhysX] Initialized MultithreadedTaskDispatcher with 20 workers.
[PhysX] Initialized MultithreadedTaskDispatcher with 20 workers.
 -> (artifact id: '4a7cb4398754fe0575f6bfdb8c2841cd') in 0.004705 seconds
Number of updated asset objects reloaded before import = 0
Number of asset objects unloaded after import = 3
========================================================================
Received Import Request.
  Time since last request: 4.002122 seconds.
  path: Assets/Arts/craftpix-net-622999-free-pixel-art-tiny-hero-sprites/1 Pink_Monster/Pink_Monster_Walk_6.png
  artifactKey: Guid(925ccece338e2da438166382058b302d) Importer(815301076,1909f56bfc062723c751e8b465ee728b)
Start importing Assets/Arts/craftpix-net-622999-free-pixel-art-tiny-hero-sprites/1 Pink_Monster/Pink_Monster_Walk_6.png using Guid(925ccece338e2da438166382058b302d) Importer(815301076,1909f56bfc062723c751e8b465ee728b) [PhysX] Initialized MultithreadedTaskDispatcher with 20 workers.
[PhysX] Initialized MultithreadedTaskDispatcher with 20 workers.
 -> (artifact id: '16cedaf195cea606d6b35c768c2bbab9') in 0.003869 seconds
Number of updated asset objects reloaded before import = 0
Number of asset objects unloaded after import = 2
========================================================================
Received Import Request.
  Time since last request: 2.774617 seconds.
  path: Assets/Arts/craftpix-net-622999-free-pixel-art-tiny-hero-sprites/1 Pink_Monster/Pink_Monster_Walk_6.png
  artifactKey: Guid(925ccece338e2da438166382058b302d) Importer(815301076,1909f56bfc062723c751e8b465ee728b)
Start importing Assets/Arts/craftpix-net-622999-free-pixel-art-tiny-hero-sprites/1 Pink_Monster/Pink_Monster_Walk_6.png using Guid(925ccece338e2da438166382058b302d) Importer(815301076,1909f56bfc062723c751e8b465ee728b) [PhysX] Initialized MultithreadedTaskDispatcher with 20 workers.
[PhysX] Initialized MultithreadedTaskDispatcher with 20 workers.
 -> (artifact id: '057a691118ebe4ff93d76bf156f921b3') in 0.016277 seconds
Number of updated asset objects reloaded before import = 0
Number of asset objects unloaded after import = 8
========================================================================
Received Import Request.
  Time since last request: 11.000377 seconds.
  path: Assets/Arts/craftpix-net-622999-free-pixel-art-tiny-hero-sprites/1 Pink_Monster/Walk_Run_Push_Dust_6.png
  artifactKey: Guid(efd6884e62872904481ebefb36fc7dc3) Importer(815301076,1909f56bfc062723c751e8b465ee728b)
Start importing Assets/Arts/craftpix-net-622999-free-pixel-art-tiny-hero-sprites/1 Pink_Monster/Walk_Run_Push_Dust_6.png using Guid(efd6884e62872904481ebefb36fc7dc3) Importer(815301076,1909f56bfc062723c751e8b465ee728b) [PhysX] Initialized MultithreadedTaskDispatcher with 20 workers.
[PhysX] Initialized MultithreadedTaskDispatcher with 20 workers.
 -> (artifact id: '8fe0aa80649d89997092bb74d5e0dc41') in 0.003637 seconds
Number of updated asset objects reloaded before import = 0
Number of asset objects unloaded after import = 2
========================================================================
Received Import Request.
  Time since last request: 4.520366 seconds.
  path: Assets/Arts/craftpix-net-622999-free-pixel-art-tiny-hero-sprites/1 Pink_Monster/Walk_Run_Push_Dust_6.png
  artifactKey: Guid(efd6884e62872904481ebefb36fc7dc3) Importer(815301076,1909f56bfc062723c751e8b465ee728b)
Start importing Assets/Arts/craftpix-net-622999-free-pixel-art-tiny-hero-sprites/1 Pink_Monster/Walk_Run_Push_Dust_6.png using Guid(efd6884e62872904481ebefb36fc7dc3) Importer(815301076,1909f56bfc062723c751e8b465ee728b) [PhysX] Initialized MultithreadedTaskDispatcher with 20 workers.
[PhysX] Initialized MultithreadedTaskDispatcher with 20 workers.
 -> (artifact id: '5f418a878bb64ae1e7424ea63878e603') in 0.017164 seconds
Number of updated asset objects reloaded before import = 0
Number of asset objects unloaded after import = 8
========================================================================
Received Import Request.
  Time since last request: 10.676526 seconds.
  path: Assets/Arts/craftpix-net-622999-free-pixel-art-tiny-hero-sprites/2 Owlet_Monster/Owlet_Monster_Attack1_4.png
  artifactKey: Guid(14cc75e758f6a8b4fa46603e773b1674) Importer(815301076,1909f56bfc062723c751e8b465ee728b)
Start importing Assets/Arts/craftpix-net-622999-free-pixel-art-tiny-hero-sprites/2 Owlet_Monster/Owlet_Monster_Attack1_4.png using Guid(14cc75e758f6a8b4fa46603e773b1674) Importer(815301076,1909f56bfc062723c751e8b465ee728b) [PhysX] Initialized MultithreadedTaskDispatcher with 20 workers.
[PhysX] Initialized MultithreadedTaskDispatcher with 20 workers.
 -> (artifact id: 'd9218dbfe9cb67c0ea139afed13c8513') in 0.004824 seconds
Number of updated asset objects reloaded before import = 0
Number of asset objects unloaded after import = 3
========================================================================
Received Import Request.
  Time since last request: 0.724625 seconds.
  path: Assets/Arts/craftpix-net-622999-free-pixel-art-tiny-hero-sprites/2 Owlet_Monster/Owlet_Monster_Attack2_6.png
  artifactKey: Guid(17958aade8423604f89e27745faf0b2e) Importer(815301076,1909f56bfc062723c751e8b465ee728b)
Start importing Assets/Arts/craftpix-net-622999-free-pixel-art-tiny-hero-sprites/2 Owlet_Monster/Owlet_Monster_Attack2_6.png using Guid(17958aade8423604f89e27745faf0b2e) Importer(815301076,1909f56bfc062723c751e8b465ee728b) [PhysX] Initialized MultithreadedTaskDispatcher with 20 workers.
[PhysX] Initialized MultithreadedTaskDispatcher with 20 workers.
 -> (artifact id: 'b43a2c1943ddac9c10df074c214fa596') in 0.005379 seconds
Number of updated asset objects reloaded before import = 0
Number of asset objects unloaded after import = 3
========================================================================
Received Import Request.
  Time since last request: 271.474185 seconds.
  path: Assets/Arts/craftpix-net-622999-free-pixel-art-tiny-hero-sprites/1 Pink_Monster/New Animation.anim
  artifactKey: Guid(531e1a07f85eb7d4289fd8ee699d2ab8) Importer(815301076,1909f56bfc062723c751e8b465ee728b)
Start importing Assets/Arts/craftpix-net-622999-free-pixel-art-tiny-hero-sprites/1 Pink_Monster/New Animation.anim using Guid(531e1a07f85eb7d4289fd8ee699d2ab8) Importer(815301076,1909f56bfc062723c751e8b465ee728b) [PhysX] Initialized MultithreadedTaskDispatcher with 20 workers.
 -> (artifact id: '9b1926e1621c421ce97c013a3a590454') in 0.001393 seconds
Number of updated asset objects reloaded before import = 0
Number of asset objects unloaded after import = 1
========================================================================
Received Import Request.
  Time since last request: 18.279550 seconds.
  path: Assets/Arts/craftpix-net-622999-free-pixel-art-tiny-hero-sprites/1 Pink_Monster/jump animation.anim
  artifactKey: Guid(531e1a07f85eb7d4289fd8ee699d2ab8) Importer(815301076,1909f56bfc062723c751e8b465ee728b)
Start importing Assets/Arts/craftpix-net-622999-free-pixel-art-tiny-hero-sprites/1 Pink_Monster/jump animation.anim using Guid(531e1a07f85eb7d4289fd8ee699d2ab8) Importer(815301076,1909f56bfc062723c751e8b465ee728b) [PhysX] Initialized MultithreadedTaskDispatcher with 20 workers.
 -> (artifact id: '66bfa2e15bf9a4546459389f82f4f77f') in 0.000798 seconds
Number of updated asset objects reloaded before import = 0
Number of asset objects unloaded after import = 1
========================================================================
Received Import Request.
  Time since last request: 19.159708 seconds.
  path: Assets/Arts/craftpix-net-622999-free-pixel-art-tiny-hero-sprites/1 Pink_Monster/New Animation.anim
  artifactKey: Guid(51f4e67a726330a43ba6f8cefaec3279) Importer(815301076,1909f56bfc062723c751e8b465ee728b)
Start importing Assets/Arts/craftpix-net-622999-free-pixel-art-tiny-hero-sprites/1 Pink_Monster/New Animation.anim using Guid(51f4e67a726330a43ba6f8cefaec3279) Importer(815301076,1909f56bfc062723c751e8b465ee728b) [PhysX] Initialized MultithreadedTaskDispatcher with 20 workers.
 -> (artifact id: '7ea6efec79dd21dfc4c3ad843e587188') in 0.001073 seconds
Number of updated asset objects reloaded before import = 0
Number of asset objects unloaded after import = 1
========================================================================
Received Import Request.
  Time since last request: 9.643807 seconds.
  path: Assets/Arts/craftpix-net-622999-free-pixel-art-tiny-hero-sprites/1 Pink_Monster/run animation.anim
  artifactKey: Guid(51f4e67a726330a43ba6f8cefaec3279) Importer(815301076,1909f56bfc062723c751e8b465ee728b)
Start importing Assets/Arts/craftpix-net-622999-free-pixel-art-tiny-hero-sprites/1 Pink_Monster/run animation.anim using Guid(51f4e67a726330a43ba6f8cefaec3279) Importer(815301076,1909f56bfc062723c751e8b465ee728b) [PhysX] Initialized MultithreadedTaskDispatcher with 20 workers.
 -> (artifact id: '9d4c21b2982b5101ba78de25f46c1222') in 0.000726 seconds
Number of updated asset objects reloaded before import = 0
Number of asset objects unloaded after import = 1
========================================================================
Received Import Request.
  Time since last request: 33.820987 seconds.
  path: Assets/Arts/craftpix-net-622999-free-pixel-art-tiny-hero-sprites/1 Pink_Monster/jump.anim
  artifactKey: Guid(9ebf88ce5a543da48980fbe70ecf01e1) Importer(815301076,1909f56bfc062723c751e8b465ee728b)
Start importing Assets/Arts/craftpix-net-622999-free-pixel-art-tiny-hero-sprites/1 Pink_Monster/jump.anim using Guid(9ebf88ce5a543da48980fbe70ecf01e1) Importer(815301076,1909f56bfc062723c751e8b465ee728b) [PhysX] Initialized MultithreadedTaskDispatcher with 20 workers.
 -> (artifact id: 'f66cee0e0294311aa2ddc0f0b7f80d9e') in 0.000869 seconds
Number of updated asset objects reloaded before import = 0
Number of asset objects unloaded after import = 1
========================================================================
Received Import Request.
  Time since last request: 1344.917963 seconds.
  path: Assets/Arts/craftpix-net-622999-free-pixel-art-tiny-hero-sprites/1 Pink_Monster/dust animation.anim
  artifactKey: Guid(e8a369826f56e0c4b844989badd43f8f) Importer(815301076,1909f56bfc062723c751e8b465ee728b)
Start importing Assets/Arts/craftpix-net-622999-free-pixel-art-tiny-hero-sprites/1 Pink_Monster/dust animation.anim using Guid(e8a369826f56e0c4b844989badd43f8f) Importer(815301076,1909f56bfc062723c751e8b465ee728b) [PhysX] Initialized MultithreadedTaskDispatcher with 20 workers.
 -> (artifact id: 'a329fe09853ca329c234139557073fe6') in 0.001815 seconds
Number of updated asset objects reloaded before import = 0
Number of asset objects unloaded after import = 1
========================================================================
Received Import Request.
  Time since last request: 288.745661 seconds.
  path: Assets/Arts/craftpix-net-622999-free-pixel-art-tiny-hero-sprites/1 Pink_Monster/jump animation.anim
  artifactKey: Guid(531e1a07f85eb7d4289fd8ee699d2ab8) Importer(815301076,1909f56bfc062723c751e8b465ee728b)
Start importing Assets/Arts/craftpix-net-622999-free-pixel-art-tiny-hero-sprites/1 Pink_Monster/jump animation.anim using Guid(531e1a07f85eb7d4289fd8ee699d2ab8) Importer(815301076,1909f56bfc062723c751e8b465ee728b) [PhysX] Initialized MultithreadedTaskDispatcher with 20 workers.
 -> (artifact id: '495791c741f898a0d850f1f0f7be384e') in 0.001096 seconds
Number of updated asset objects reloaded before import = 0
Number of asset objects unloaded after import = 1
========================================================================
Received Import Request.
  Time since last request: 0.431538 seconds.
  path: Assets/Arts/craftpix-net-622999-free-pixel-art-tiny-hero-sprites/1 Pink_Monster/Pink_Monster.controller
  artifactKey: Guid(233008001288e484a8b8a743743510e2) Importer(815301076,1909f56bfc062723c751e8b465ee728b)
Start importing Assets/Arts/craftpix-net-622999-free-pixel-art-tiny-hero-sprites/1 Pink_Monster/Pink_Monster.controller using Guid(233008001288e484a8b8a743743510e2) Importer(815301076,1909f56bfc062723c751e8b465ee728b) [PhysX] Initialized MultithreadedTaskDispatcher with 20 workers.
 -> (artifact id: '97af2c02a8c7466eea3a14a8d04b16cd') in 0.001990 seconds
Number of updated asset objects reloaded before import = 0
Number of asset objects unloaded after import = 7
========================================================================
Received Import Request.
  Time since last request: 30.322467 seconds.
  path: Assets/Arts/characters
  artifactKey: Guid(75b0b6721c153ec4081310239baaa9a1) Importer(815301076,1909f56bfc062723c751e8b465ee728b)
Start importing Assets/Arts/characters using Guid(75b0b6721c153ec4081310239baaa9a1) Importer(815301076,1909f56bfc062723c751e8b465ee728b) [PhysX] Initialized MultithreadedTaskDispatcher with 20 workers.
 -> (artifact id: '479af854f027b4a41efeeda1ad8d11e4') in 0.000409 seconds
Number of updated asset objects reloaded before import = 0
Number of asset objects unloaded after import = 0
========================================================================
Received Import Request.
  Time since last request: 0.925816 seconds.
  path: Assets/Arts/opp1_jungle_tiles
  artifactKey: Guid(8ed3c40be088fe54f9c0c72f855b0c17) Importer(815301076,1909f56bfc062723c751e8b465ee728b)
Start importing Assets/Arts/opp1_jungle_tiles using Guid(8ed3c40be088fe54f9c0c72f855b0c17) Importer(815301076,1909f56bfc062723c751e8b465ee728b) [PhysX] Initialized MultithreadedTaskDispatcher with 20 workers.
 -> (artifact id: '3ab43459eda03ef1b0b9d5f4bb96fd4c') in 0.000475 seconds
Number of updated asset objects reloaded before import = 0
Number of asset objects unloaded after import = 0
========================================================================
Received Import Request.
  Time since last request: 33.824140 seconds.
  path: Assets/Scripts/NewBehaviourScript.cs
  artifactKey: Guid(f6bb7aa53a8ba4c428ac6f7323a15ea1) Importer(815301076,1909f56bfc062723c751e8b465ee728b)
Start importing Assets/Scripts/NewBehaviourScript.cs using Guid(f6bb7aa53a8ba4c428ac6f7323a15ea1) Importer(815301076,1909f56bfc062723c751e8b465ee728b) [PhysX] Initialized MultithreadedTaskDispatcher with 20 workers.
 -> (artifact id: 'af033172350dd1605ddd11fab2442b1e') in 0.000337 seconds
Number of updated asset objects reloaded before import = 0
Number of asset objects unloaded after import = 0
========================================================================
Received Import Request.
  Time since last request: 10.405811 seconds.
  path: Assets/Scripts/import arts tool.cs
  artifactKey: Guid(f6bb7aa53a8ba4c428ac6f7323a15ea1) Importer(815301076,1909f56bfc062723c751e8b465ee728b)
Start importing Assets/Scripts/import arts tool.cs using Guid(f6bb7aa53a8ba4c428ac6f7323a15ea1) Importer(815301076,1909f56bfc062723c751e8b465ee728b) [PhysX] Initialized MultithreadedTaskDispatcher with 20 workers.
 -> (artifact id: '4db630acbcc655c98c5d18fe94661a52') in 0.000374 seconds
Number of updated asset objects reloaded before import = 0
Number of asset objects unloaded after import = 0
========================================================================
Received Prepare
Caller must complete domain reload
Begin MonoManager ReloadAssembly
- Loaded All Assemblies, in  0.436 seconds
Native extension for WindowsStandalone target not found
Mono: successfully reloaded assembly
- Finished resetting the current domain, in  0.383 seconds
Domain Reload Profiling: 820ms
	BeginReloadAssembly (240ms)
		ExecutionOrderSort (0ms)
		DisableScriptedObjects (133ms)
		BackupInstance (0ms)
		ReleaseScriptingObjects (0ms)
		CreateAndSetChildDomain (31ms)
	RebuildCommonClasses (18ms)
	RebuildNativeTypeToScriptingClass (6ms)
	initialDomainReloadingComplete (18ms)
	LoadAllAssembliesAndSetupDomain (153ms)
		LoadAssemblies (186ms)
		RebuildTransferFunctionScriptingTraits (0ms)
		AnalyzeDomain (19ms)
			TypeCache.Refresh (7ms)
				TypeCache.ScanAssembly (0ms)
			ScanForSourceGeneratedMonoScriptInfo (6ms)
			ResolveRequiredComponents (4ms)
	FinalizeReload (383ms)
		ReleaseScriptCaches (0ms)
		RebuildScriptCaches (0ms)
		SetupLoadedEditorAssemblies (287ms)
			LogAssemblyErrors (0ms)
			InitializePlatformSupportModulesInManaged (4ms)
			SetLoadedEditorAssemblies (2ms)
			RefreshPlugins (0ms)
			BeforeProcessingInitializeOnLoad (40ms)
			ProcessInitializeOnLoadAttributes (217ms)
			ProcessInitializeOnLoadMethodAttributes (21ms)
			AfterProcessingInitializeOnLoad (3ms)
			EditorAssembliesLoaded (0ms)
		ExecutionOrderSort2 (0ms)
		AwakeInstancesAfterBackupRestoration (9ms)
Refreshing native plugins compatible for Editor in 2.88 ms, found 4 plugins.
Preloading 0 native plugins for Editor in 0.00 ms.
Unloading 4126 Unused Serialized files (Serialized files now loaded: 0)
Unloading 23 unused Assets / (3.2 MB). Loaded Objects now: 4635.
Memory consumption went from 149.1 MB to 145.9 MB.
Total: 4.192300 ms (FindLiveObjects: 0.334400 ms CreateObjectMapping: 0.068100 ms MarkObjects: 3.431800 ms  DeleteObjects: 0.356500 ms)

Prepare: number of updated asset objects reloaded= 0
AssetImportParameters requested are different than current active one (requested -> active):
  custom:container-demuxer-ogg: 62fdf1f143b41e24485cea50d1cbac27 -> 
  custom:video-codec-MediaFoundation-h265: 746d11721c4dcdbdad8f713fa42b33f4 -> 
  custom:video-decoder-ogg-theora: a1e56fd34408186e4bbccfd4996cb3dc -> 
  custom:scripting/monoscript/fileName/import arts tool.cs: 237b7f1e2ce85762c320ae6570da3c38 -> 
  custom:framework-win-MediaFoundation: 216162199b28c13a410421893ffa2e32 -> 
  custom:CustomObjectIndexerAttribute: 9a22284fe3817be447336de3de66b15e -> 
  custom:container-demuxer-webm: 4f35f7cbe854078d1ac9338744f61a02 -> 
  custom:container-muxer-webm: aa71ff27fc2769a1b78a27578f13a17b -> 
  custom:video-decoder-webm-vp8: 9c59270c3fd7afecdb556c50c9e8de78 -> 
  custom:SearchIndexIgnoredProperties: e643bd26f0fe6173181afceb89e7c659 -> 
  custom:AudioImporter_EditorPlatform: d09bf68614088b80899f8185d706f6e7 -> 
  custom:video-encoder-webm-vp8: eb34c28f22e8b96e1ab97ce403110664 -> 
  custom:audio-decoder-ogg-vorbis: bf7c407c2cedff20999df2af8eb42d56 -> 
  custom:audio-encoder-webm-vorbis: bf7c407c2cedff20999df2af8eb42d56 -> 
  custom:scripting/precompiled-assembly-types:Assembly-CSharp: c9887041bf8dd2e2c02aae64438aa911 -> 93d1dcf58b8c43de648a4ca160d04165
========================================================================
Received Import Request.
  Time since last request: 15.417416 seconds.
  path: Assets/Scripts/importArtsTool.cs
  artifactKey: Guid(f6bb7aa53a8ba4c428ac6f7323a15ea1) Importer(815301076,1909f56bfc062723c751e8b465ee728b)
Start importing Assets/Scripts/importArtsTool.cs using Guid(f6bb7aa53a8ba4c428ac6f7323a15ea1) Importer(815301076,1909f56bfc062723c751e8b465ee728b) [PhysX] Initialized MultithreadedTaskDispatcher with 20 workers.
 -> (artifact id: 'afc508553092eb24332d917ff75b204a') in 0.001877 seconds
Number of updated asset objects reloaded before import = 0
Number of asset objects unloaded after import = 0
========================================================================
Received Prepare
Caller must complete domain reload
Begin MonoManager ReloadAssembly
- Loaded All Assemblies, in  0.291 seconds
Native extension for WindowsStandalone target not found
Mono: successfully reloaded assembly
- Finished resetting the current domain, in  0.508 seconds
Domain Reload Profiling: 798ms
	BeginReloadAssembly (99ms)
		ExecutionOrderSort (0ms)
		DisableScriptedObjects (8ms)
		BackupInstance (0ms)
		ReleaseScriptingObjects (0ms)
		CreateAndSetChildDomain (20ms)
	RebuildCommonClasses (18ms)
	RebuildNativeTypeToScriptingClass (6ms)
	initialDomainReloadingComplete (17ms)
	LoadAllAssembliesAndSetupDomain (150ms)
		LoadAssemblies (179ms)
		RebuildTransferFunctionScriptingTraits (0ms)
		AnalyzeDomain (20ms)
			TypeCache.Refresh (8ms)
				TypeCache.ScanAssembly (0ms)
			ScanForSourceGeneratedMonoScriptInfo (7ms)
			ResolveRequiredComponents (3ms)
	FinalizeReload (508ms)
		ReleaseScriptCaches (0ms)
		RebuildScriptCaches (0ms)
		SetupLoadedEditorAssemblies (278ms)
			LogAssemblyErrors (0ms)
			InitializePlatformSupportModulesInManaged (3ms)
			SetLoadedEditorAssemblies (2ms)
			RefreshPlugins (0ms)
			BeforeProcessingInitializeOnLoad (40ms)
			ProcessInitializeOnLoadAttributes (209ms)
			ProcessInitializeOnLoadMethodAttributes (19ms)
			AfterProcessingInitializeOnLoad (4ms)
			EditorAssembliesLoaded (0ms)
		ExecutionOrderSort2 (0ms)
		AwakeInstancesAfterBackupRestoration (9ms)
Refreshing native plugins compatible for Editor in 1.95 ms, found 4 plugins.
Preloading 0 native plugins for Editor in 0.00 ms.
Unloading 4126 Unused Serialized files (Serialized files now loaded: 0)
Unloading 23 unused Assets / (3.2 MB). Loaded Objects now: 4639.
Memory consumption went from 149.1 MB to 145.9 MB.
Total: 5.178400 ms (FindLiveObjects: 0.684900 ms CreateObjectMapping: 0.139600 ms MarkObjects: 3.773000 ms  DeleteObjects: 0.578600 ms)

Prepare: number of updated asset objects reloaded= 0
AssetImportParameters requested are different than current active one (requested -> active):
  custom:container-demuxer-ogg: 62fdf1f143b41e24485cea50d1cbac27 -> 
  custom:video-codec-MediaFoundation-h265: 746d11721c4dcdbdad8f713fa42b33f4 -> 
  custom:video-decoder-ogg-theora: a1e56fd34408186e4bbccfd4996cb3dc -> 
  custom:scripting/monoscript/fileName/import arts tool.cs: 237b7f1e2ce85762c320ae6570da3c38 -> 
  custom:framework-win-MediaFoundation: 216162199b28c13a410421893ffa2e32 -> 
  custom:CustomObjectIndexerAttribute: 9a22284fe3817be447336de3de66b15e -> 
  custom:container-demuxer-webm: 4f35f7cbe854078d1ac9338744f61a02 -> 
  custom:container-muxer-webm: aa71ff27fc2769a1b78a27578f13a17b -> 
  custom:video-decoder-webm-vp8: 9c59270c3fd7afecdb556c50c9e8de78 -> 
  custom:SearchIndexIgnoredProperties: e643bd26f0fe6173181afceb89e7c659 -> 
  custom:AudioImporter_EditorPlatform: d09bf68614088b80899f8185d706f6e7 -> 
  custom:video-encoder-webm-vp8: eb34c28f22e8b96e1ab97ce403110664 -> 
  custom:audio-decoder-ogg-vorbis: bf7c407c2cedff20999df2af8eb42d56 -> 
  custom:audio-encoder-webm-vorbis: bf7c407c2cedff20999df2af8eb42d56 -> 
  custom:scripting/monoscript/fileName/importArtsTool.cs: 237b7f1e2ce85762c320ae6570da3c38 -> 
  custom:scripting/precompiled-assembly-types:Assembly-CSharp: ad325cc74ea1367f5cb40141225e03b7 -> 93d1dcf58b8c43de648a4ca160d04165
========================================================================
Received Import Request.
  Time since last request: 3.996105 seconds.
  path: Assets/Scripts/importArtsTool.cs
  artifactKey: Guid(f6bb7aa53a8ba4c428ac6f7323a15ea1) Importer(815301076,1909f56bfc062723c751e8b465ee728b)
Start importing Assets/Scripts/importArtsTool.cs using Guid(f6bb7aa53a8ba4c428ac6f7323a15ea1) Importer(815301076,1909f56bfc062723c751e8b465ee728b) [PhysX] Initialized MultithreadedTaskDispatcher with 20 workers.
 -> (artifact id: '9bc01a1c3d361d361e0adafc8ef6f3c9') in 0.001910 seconds
Number of updated asset objects reloaded before import = 0
Number of asset objects unloaded after import = 0
========================================================================
Received Import Request.
  Time since last request: 4.616904 seconds.
  path: Assets/Scripts/player.cs
  artifactKey: Guid(fc30779bcc6f4f440b1cb841bfc82af3) Importer(815301076,1909f56bfc062723c751e8b465ee728b)
Start importing Assets/Scripts/player.cs using Guid(fc30779bcc6f4f440b1cb841bfc82af3) Importer(815301076,1909f56bfc062723c751e8b465ee728b) [PhysX] Initialized MultithreadedTaskDispatcher with 20 workers.
 -> (artifact id: 'cc2a0648cf6da5f691d1ecdc2ceb7847') in 0.000374 seconds
Number of updated asset objects reloaded before import = 0
Number of asset objects unloaded after import = 0
========================================================================
Received Prepare
Caller must complete domain reload
Begin MonoManager ReloadAssembly
- Loaded All Assemblies, in  0.288 seconds
Native extension for WindowsStandalone target not found
Mono: successfully reloaded assembly
- Finished resetting the current domain, in  0.548 seconds
Domain Reload Profiling: 835ms
	BeginReloadAssembly (107ms)
		ExecutionOrderSort (0ms)
		DisableScriptedObjects (9ms)
		BackupInstance (0ms)
		ReleaseScriptingObjects (0ms)
		CreateAndSetChildDomain (22ms)
	RebuildCommonClasses (20ms)
	RebuildNativeTypeToScriptingClass (7ms)
	initialDomainReloadingComplete (17ms)
	LoadAllAssembliesAndSetupDomain (137ms)
		LoadAssemblies (178ms)
		RebuildTransferFunctionScriptingTraits (0ms)
		AnalyzeDomain (11ms)
			TypeCache.Refresh (6ms)
				TypeCache.ScanAssembly (0ms)
			ScanForSourceGeneratedMonoScriptInfo (0ms)
			ResolveRequiredComponents (3ms)
	FinalizeReload (549ms)
		ReleaseScriptCaches (0ms)
		RebuildScriptCaches (0ms)
		SetupLoadedEditorAssemblies (315ms)
			LogAssemblyErrors (0ms)
			InitializePlatformSupportModulesInManaged (4ms)
			SetLoadedEditorAssemblies (2ms)
			RefreshPlugins (0ms)
			BeforeProcessingInitializeOnLoad (44ms)
			ProcessInitializeOnLoadAttributes (235ms)
			ProcessInitializeOnLoadMethodAttributes (25ms)
			AfterProcessingInitializeOnLoad (4ms)
			EditorAssembliesLoaded (0ms)
		ExecutionOrderSort2 (0ms)
		AwakeInstancesAfterBackupRestoration (12ms)
Refreshing native plugins compatible for Editor in 2.66 ms, found 4 plugins.
Preloading 0 native plugins for Editor in 0.00 ms.
Unloading 4126 Unused Serialized files (Serialized files now loaded: 0)
Unloading 23 unused Assets / (3.2 MB). Loaded Objects now: 4643.
Memory consumption went from 149.1 MB to 145.9 MB.
Total: 2.916100 ms (FindLiveObjects: 0.237200 ms CreateObjectMapping: 0.066800 ms MarkObjects: 2.351300 ms  DeleteObjects: 0.259600 ms)

Prepare: number of updated asset objects reloaded= 0
AssetImportParameters requested are different than current active one (requested -> active):
  custom:container-demuxer-ogg: 62fdf1f143b41e24485cea50d1cbac27 -> 
  custom:video-codec-MediaFoundation-h265: 746d11721c4dcdbdad8f713fa42b33f4 -> 
  custom:video-decoder-ogg-theora: a1e56fd34408186e4bbccfd4996cb3dc -> 
  custom:scripting/monoscript/fileName/import arts tool.cs: 237b7f1e2ce85762c320ae6570da3c38 -> 
  custom:framework-win-MediaFoundation: 216162199b28c13a410421893ffa2e32 -> 
  custom:CustomObjectIndexerAttribute: 9a22284fe3817be447336de3de66b15e -> 
  custom:container-demuxer-webm: 4f35f7cbe854078d1ac9338744f61a02 -> 
  custom:container-muxer-webm: aa71ff27fc2769a1b78a27578f13a17b -> 
  custom:video-decoder-webm-vp8: 9c59270c3fd7afecdb556c50c9e8de78 -> 
  custom:SearchIndexIgnoredProperties: e643bd26f0fe6173181afceb89e7c659 -> 
  custom:AudioImporter_EditorPlatform: d09bf68614088b80899f8185d706f6e7 -> 
  custom:video-encoder-webm-vp8: eb34c28f22e8b96e1ab97ce403110664 -> 
  custom:audio-decoder-ogg-vorbis: bf7c407c2cedff20999df2af8eb42d56 -> 
  custom:audio-encoder-webm-vorbis: bf7c407c2cedff20999df2af8eb42d56 -> 
  custom:scripting/monoscript/fileName/importArtsTool.cs: 237b7f1e2ce85762c320ae6570da3c38 -> 
  custom:scripting/precompiled-assembly-types:Assembly-CSharp: ad325cc74ea1367f5cb40141225e03b7 -> 93d1dcf58b8c43de648a4ca160d04165
========================================================================
Received Prepare
Caller must complete domain reload
Begin MonoManager ReloadAssembly
- Loaded All Assemblies, in  0.291 seconds
Native extension for WindowsStandalone target not found
Mono: successfully reloaded assembly
- Finished resetting the current domain, in  0.565 seconds
Domain Reload Profiling: 855ms
	BeginReloadAssembly (106ms)
		ExecutionOrderSort (0ms)
		DisableScriptedObjects (7ms)
		BackupInstance (0ms)
		ReleaseScriptingObjects (0ms)
		CreateAndSetChildDomain (24ms)
	RebuildCommonClasses (18ms)
	RebuildNativeTypeToScriptingClass (6ms)
	initialDomainReloadingComplete (18ms)
	LoadAllAssembliesAndSetupDomain (142ms)
		LoadAssemblies (182ms)
		RebuildTransferFunctionScriptingTraits (0ms)
		AnalyzeDomain (11ms)
			TypeCache.Refresh (6ms)
				TypeCache.ScanAssembly (0ms)
			ScanForSourceGeneratedMonoScriptInfo (0ms)
			ResolveRequiredComponents (3ms)
	FinalizeReload (565ms)
		ReleaseScriptCaches (0ms)
		RebuildScriptCaches (0ms)
		SetupLoadedEditorAssemblies (332ms)
			LogAssemblyErrors (0ms)
			InitializePlatformSupportModulesInManaged (3ms)
			SetLoadedEditorAssemblies (2ms)
			RefreshPlugins (0ms)
			BeforeProcessingInitializeOnLoad (46ms)
			ProcessInitializeOnLoadAttributes (252ms)
			ProcessInitializeOnLoadMethodAttributes (24ms)
			AfterProcessingInitializeOnLoad (4ms)
			EditorAssembliesLoaded (0ms)
		ExecutionOrderSort2 (0ms)
		AwakeInstancesAfterBackupRestoration (11ms)
Refreshing native plugins compatible for Editor in 2.36 ms, found 4 plugins.
Preloading 0 native plugins for Editor in 0.00 ms.
Unloading 4126 Unused Serialized files (Serialized files now loaded: 0)
Unloading 23 unused Assets / (3.2 MB). Loaded Objects now: 4647.
Memory consumption went from 149.1 MB to 145.9 MB.
Total: 4.291400 ms (FindLiveObjects: 0.482400 ms CreateObjectMapping: 0.095800 ms MarkObjects: 3.079200 ms  DeleteObjects: 0.632400 ms)

Prepare: number of updated asset objects reloaded= 0
AssetImportParameters requested are different than current active one (requested -> active):
  custom:container-demuxer-ogg: 62fdf1f143b41e24485cea50d1cbac27 -> 
  custom:video-codec-MediaFoundation-h265: 746d11721c4dcdbdad8f713fa42b33f4 -> 
  custom:video-decoder-ogg-theora: a1e56fd34408186e4bbccfd4996cb3dc -> 
  custom:scripting/monoscript/fileName/import arts tool.cs: 237b7f1e2ce85762c320ae6570da3c38 -> 
  custom:framework-win-MediaFoundation: 216162199b28c13a410421893ffa2e32 -> 
  custom:CustomObjectIndexerAttribute: 9a22284fe3817be447336de3de66b15e -> 
  custom:container-demuxer-webm: 4f35f7cbe854078d1ac9338744f61a02 -> 
  custom:container-muxer-webm: aa71ff27fc2769a1b78a27578f13a17b -> 
  custom:video-decoder-webm-vp8: 9c59270c3fd7afecdb556c50c9e8de78 -> 
  custom:SearchIndexIgnoredProperties: e643bd26f0fe6173181afceb89e7c659 -> 
  custom:AudioImporter_EditorPlatform: d09bf68614088b80899f8185d706f6e7 -> 
  custom:video-encoder-webm-vp8: eb34c28f22e8b96e1ab97ce403110664 -> 
  custom:audio-decoder-ogg-vorbis: bf7c407c2cedff20999df2af8eb42d56 -> 
  custom:audio-encoder-webm-vorbis: bf7c407c2cedff20999df2af8eb42d56 -> 
  custom:scripting/monoscript/fileName/importArtsTool.cs: 237b7f1e2ce85762c320ae6570da3c38 -> 
  custom:scripting/precompiled-assembly-types:Assembly-CSharp: ad325cc74ea1367f5cb40141225e03b7 -> 93d1dcf58b8c43de648a4ca160d04165
========================================================================
Received Prepare
Caller must complete domain reload
Begin MonoManager ReloadAssembly
- Loaded All Assemblies, in  0.285 seconds
Native extension for WindowsStandalone target not found
Mono: successfully reloaded assembly
- Finished resetting the current domain, in  0.587 seconds
Domain Reload Profiling: 871ms
	BeginReloadAssembly (106ms)
		ExecutionOrderSort (0ms)
		DisableScriptedObjects (7ms)
		BackupInstance (0ms)
		ReleaseScriptingObjects (0ms)
		CreateAndSetChildDomain (22ms)
	RebuildCommonClasses (19ms)
	RebuildNativeTypeToScriptingClass (6ms)
	initialDomainReloadingComplete (17ms)
	LoadAllAssembliesAndSetupDomain (136ms)
		LoadAssemblies (180ms)
		RebuildTransferFunctionScriptingTraits (0ms)
		AnalyzeDomain (10ms)
			TypeCache.Refresh (6ms)
				TypeCache.ScanAssembly (0ms)
			ScanForSourceGeneratedMonoScriptInfo (0ms)
			ResolveRequiredComponents (3ms)
	FinalizeReload (587ms)
		ReleaseScriptCaches (0ms)
		RebuildScriptCaches (0ms)
		SetupLoadedEditorAssemblies (346ms)
			LogAssemblyErrors (0ms)
			InitializePlatformSupportModulesInManaged (3ms)
			SetLoadedEditorAssemblies (2ms)
			RefreshPlugins (0ms)
			BeforeProcessingInitializeOnLoad (45ms)
			ProcessInitializeOnLoadAttributes (266ms)
			ProcessInitializeOnLoadMethodAttributes (24ms)
			AfterProcessingInitializeOnLoad (5ms)
			EditorAssembliesLoaded (0ms)
		ExecutionOrderSort2 (0ms)
		AwakeInstancesAfterBackupRestoration (12ms)
Refreshing native plugins compatible for Editor in 3.78 ms, found 4 plugins.
Preloading 0 native plugins for Editor in 0.00 ms.
Unloading 4126 Unused Serialized files (Serialized files now loaded: 0)
Unloading 23 unused Assets / (3.2 MB). Loaded Objects now: 4651.
Memory consumption went from 149.1 MB to 145.9 MB.
Total: 2.872400 ms (FindLiveObjects: 0.328500 ms CreateObjectMapping: 0.100900 ms MarkObjects: 2.165200 ms  DeleteObjects: 0.276600 ms)

Prepare: number of updated asset objects reloaded= 0
AssetImportParameters requested are different than current active one (requested -> active):
  custom:container-demuxer-ogg: 62fdf1f143b41e24485cea50d1cbac27 -> 
  custom:video-codec-MediaFoundation-h265: 746d11721c4dcdbdad8f713fa42b33f4 -> 
  custom:video-decoder-ogg-theora: a1e56fd34408186e4bbccfd4996cb3dc -> 
  custom:scripting/monoscript/fileName/import arts tool.cs: 237b7f1e2ce85762c320ae6570da3c38 -> 
  custom:framework-win-MediaFoundation: 216162199b28c13a410421893ffa2e32 -> 
  custom:CustomObjectIndexerAttribute: 9a22284fe3817be447336de3de66b15e -> 
  custom:container-demuxer-webm: 4f35f7cbe854078d1ac9338744f61a02 -> 
  custom:container-muxer-webm: aa71ff27fc2769a1b78a27578f13a17b -> 
  custom:video-decoder-webm-vp8: 9c59270c3fd7afecdb556c50c9e8de78 -> 
  custom:SearchIndexIgnoredProperties: e643bd26f0fe6173181afceb89e7c659 -> 
  custom:AudioImporter_EditorPlatform: d09bf68614088b80899f8185d706f6e7 -> 
  custom:video-encoder-webm-vp8: eb34c28f22e8b96e1ab97ce403110664 -> 
  custom:audio-decoder-ogg-vorbis: bf7c407c2cedff20999df2af8eb42d56 -> 
  custom:audio-encoder-webm-vorbis: bf7c407c2cedff20999df2af8eb42d56 -> 
  custom:scripting/monoscript/fileName/importArtsTool.cs: 237b7f1e2ce85762c320ae6570da3c38 -> 
  custom:scripting/precompiled-assembly-types:Assembly-CSharp: ad325cc74ea1367f5cb40141225e03b7 -> 93d1dcf58b8c43de648a4ca160d04165
========================================================================
Received Prepare
Caller must complete domain reload
Begin MonoManager ReloadAssembly
- Loaded All Assemblies, in  0.287 seconds
Native extension for WindowsStandalone target not found
Mono: successfully reloaded assembly
- Finished resetting the current domain, in  0.543 seconds
Domain Reload Profiling: 829ms
	BeginReloadAssembly (104ms)
		ExecutionOrderSort (0ms)
		DisableScriptedObjects (6ms)
		BackupInstance (0ms)
		ReleaseScriptingObjects (0ms)
		CreateAndSetChildDomain (22ms)
	RebuildCommonClasses (19ms)
	RebuildNativeTypeToScriptingClass (6ms)
	initialDomainReloadingComplete (18ms)
	LoadAllAssembliesAndSetupDomain (139ms)
		LoadAssemblies (179ms)
		RebuildTransferFunctionScriptingTraits (0ms)
		AnalyzeDomain (12ms)
			TypeCache.Refresh (7ms)
				TypeCache.ScanAssembly (0ms)
			ScanForSourceGeneratedMonoScriptInfo (0ms)
			ResolveRequiredComponents (4ms)
	FinalizeReload (543ms)
		ReleaseScriptCaches (0ms)
		RebuildScriptCaches (0ms)
		SetupLoadedEditorAssemblies (310ms)
			LogAssemblyErrors (0ms)
			InitializePlatformSupportModulesInManaged (4ms)
			SetLoadedEditorAssemblies (2ms)
			RefreshPlugins (0ms)
			BeforeProcessingInitializeOnLoad (44ms)
			ProcessInitializeOnLoadAttributes (233ms)
			ProcessInitializeOnLoadMethodAttributes (22ms)
			AfterProcessingInitializeOnLoad (5ms)
			EditorAssembliesLoaded (0ms)
		ExecutionOrderSort2 (0ms)
		AwakeInstancesAfterBackupRestoration (11ms)
Refreshing native plugins compatible for Editor in 2.80 ms, found 4 plugins.
Preloading 0 native plugins for Editor in 0.00 ms.
Unloading 4126 Unused Serialized files (Serialized files now loaded: 0)
Unloading 23 unused Assets / (3.2 MB). Loaded Objects now: 4655.
Memory consumption went from 149.1 MB to 145.9 MB.
Total: 2.622100 ms (FindLiveObjects: 0.218800 ms CreateObjectMapping: 0.069500 ms MarkObjects: 2.054300 ms  DeleteObjects: 0.278700 ms)

Prepare: number of updated asset objects reloaded= 0
AssetImportParameters requested are different than current active one (requested -> active):
  custom:container-demuxer-ogg: 62fdf1f143b41e24485cea50d1cbac27 -> 
  custom:video-codec-MediaFoundation-h265: 746d11721c4dcdbdad8f713fa42b33f4 -> 
  custom:video-decoder-ogg-theora: a1e56fd34408186e4bbccfd4996cb3dc -> 
  custom:scripting/monoscript/fileName/import arts tool.cs: 237b7f1e2ce85762c320ae6570da3c38 -> 
  custom:framework-win-MediaFoundation: 216162199b28c13a410421893ffa2e32 -> 
  custom:CustomObjectIndexerAttribute: 9a22284fe3817be447336de3de66b15e -> 
  custom:container-demuxer-webm: 4f35f7cbe854078d1ac9338744f61a02 -> 
  custom:container-muxer-webm: aa71ff27fc2769a1b78a27578f13a17b -> 
  custom:video-decoder-webm-vp8: 9c59270c3fd7afecdb556c50c9e8de78 -> 
  custom:SearchIndexIgnoredProperties: e643bd26f0fe6173181afceb89e7c659 -> 
  custom:AudioImporter_EditorPlatform: d09bf68614088b80899f8185d706f6e7 -> 
  custom:video-encoder-webm-vp8: eb34c28f22e8b96e1ab97ce403110664 -> 
  custom:audio-decoder-ogg-vorbis: bf7c407c2cedff20999df2af8eb42d56 -> 
  custom:audio-encoder-webm-vorbis: bf7c407c2cedff20999df2af8eb42d56 -> 
  custom:scripting/monoscript/fileName/importArtsTool.cs: 237b7f1e2ce85762c320ae6570da3c38 -> 
  custom:scripting/precompiled-assembly-types:Assembly-CSharp: ad325cc74ea1367f5cb40141225e03b7 -> 93d1dcf58b8c43de648a4ca160d04165
========================================================================
Received Prepare
Caller must complete domain reload
Begin MonoManager ReloadAssembly
- Loaded All Assemblies, in  0.289 seconds
Native extension for WindowsStandalone target not found
Mono: successfully reloaded assembly
- Finished resetting the current domain, in  0.542 seconds
Domain Reload Profiling: 830ms
	BeginReloadAssembly (103ms)
		ExecutionOrderSort (0ms)
		DisableScriptedObjects (6ms)
		BackupInstance (0ms)
		ReleaseScriptingObjects (0ms)
		CreateAndSetChildDomain (24ms)
	RebuildCommonClasses (22ms)
	RebuildNativeTypeToScriptingClass (6ms)
	initialDomainReloadingComplete (17ms)
	LoadAllAssembliesAndSetupDomain (140ms)
		LoadAssemblies (181ms)
		RebuildTransferFunctionScriptingTraits (0ms)
		AnalyzeDomain (10ms)
			TypeCache.Refresh (6ms)
				TypeCache.ScanAssembly (0ms)
			ScanForSourceGeneratedMonoScriptInfo (0ms)
			ResolveRequiredComponents (3ms)
	FinalizeReload (542ms)
		ReleaseScriptCaches (0ms)
		RebuildScriptCaches (0ms)
		SetupLoadedEditorAssemblies (307ms)
			LogAssemblyErrors (0ms)
			InitializePlatformSupportModulesInManaged (4ms)
			SetLoadedEditorAssemblies (2ms)
			RefreshPlugins (0ms)
			BeforeProcessingInitializeOnLoad (41ms)
			ProcessInitializeOnLoadAttributes (233ms)
			ProcessInitializeOnLoadMethodAttributes (23ms)
			AfterProcessingInitializeOnLoad (5ms)
			EditorAssembliesLoaded (0ms)
		ExecutionOrderSort2 (0ms)
		AwakeInstancesAfterBackupRestoration (12ms)
Refreshing native plugins compatible for Editor in 3.46 ms, found 4 plugins.
Preloading 0 native plugins for Editor in 0.00 ms.
Unloading 4126 Unused Serialized files (Serialized files now loaded: 0)
Unloading 23 unused Assets / (3.2 MB). Loaded Objects now: 4659.
Memory consumption went from 149.1 MB to 145.9 MB.
Total: 4.060900 ms (FindLiveObjects: 0.575200 ms CreateObjectMapping: 0.101900 ms MarkObjects: 2.992200 ms  DeleteObjects: 0.390400 ms)

Prepare: number of updated asset objects reloaded= 0
AssetImportParameters requested are different than current active one (requested -> active):
  custom:container-demuxer-ogg: 62fdf1f143b41e24485cea50d1cbac27 -> 
  custom:video-codec-MediaFoundation-h265: 746d11721c4dcdbdad8f713fa42b33f4 -> 
  custom:video-decoder-ogg-theora: a1e56fd34408186e4bbccfd4996cb3dc -> 
  custom:scripting/monoscript/fileName/import arts tool.cs: 237b7f1e2ce85762c320ae6570da3c38 -> 
  custom:framework-win-MediaFoundation: 216162199b28c13a410421893ffa2e32 -> 
  custom:CustomObjectIndexerAttribute: 9a22284fe3817be447336de3de66b15e -> 
  custom:container-demuxer-webm: 4f35f7cbe854078d1ac9338744f61a02 -> 
  custom:container-muxer-webm: aa71ff27fc2769a1b78a27578f13a17b -> 
  custom:video-decoder-webm-vp8: 9c59270c3fd7afecdb556c50c9e8de78 -> 
  custom:SearchIndexIgnoredProperties: e643bd26f0fe6173181afceb89e7c659 -> 
  custom:AudioImporter_EditorPlatform: d09bf68614088b80899f8185d706f6e7 -> 
  custom:video-encoder-webm-vp8: eb34c28f22e8b96e1ab97ce403110664 -> 
  custom:audio-decoder-ogg-vorbis: bf7c407c2cedff20999df2af8eb42d56 -> 
  custom:audio-encoder-webm-vorbis: bf7c407c2cedff20999df2af8eb42d56 -> 
  custom:scripting/monoscript/fileName/importArtsTool.cs: 237b7f1e2ce85762c320ae6570da3c38 -> 
  custom:scripting/precompiled-assembly-types:Assembly-CSharp: ad325cc74ea1367f5cb40141225e03b7 -> 93d1dcf58b8c43de648a4ca160d04165
========================================================================
Received Prepare
Caller must complete domain reload
Begin MonoManager ReloadAssembly
- Loaded All Assemblies, in  0.282 seconds
Native extension for WindowsStandalone target not found
Mono: successfully reloaded assembly
- Finished resetting the current domain, in  0.549 seconds
Domain Reload Profiling: 830ms
	BeginReloadAssembly (109ms)
		ExecutionOrderSort (0ms)
		DisableScriptedObjects (6ms)
		BackupInstance (0ms)
		ReleaseScriptingObjects (0ms)
		CreateAndSetChildDomain (23ms)
	RebuildCommonClasses (19ms)
	RebuildNativeTypeToScriptingClass (6ms)
	initialDomainReloadingComplete (16ms)
	LoadAllAssembliesAndSetupDomain (132ms)
		LoadAssemblies (178ms)
		RebuildTransferFunctionScriptingTraits (0ms)
		AnalyzeDomain (11ms)
			TypeCache.Refresh (6ms)
				TypeCache.ScanAssembly (0ms)
			ScanForSourceGeneratedMonoScriptInfo (0ms)
			ResolveRequiredComponents (3ms)
	FinalizeReload (549ms)
		ReleaseScriptCaches (0ms)
		RebuildScriptCaches (0ms)
		SetupLoadedEditorAssemblies (314ms)
			LogAssemblyErrors (0ms)
			InitializePlatformSupportModulesInManaged (4ms)
			SetLoadedEditorAssemblies (2ms)
			RefreshPlugins (0ms)
			BeforeProcessingInitializeOnLoad (42ms)
			ProcessInitializeOnLoadAttributes (240ms)
			ProcessInitializeOnLoadMethodAttributes (21ms)
			AfterProcessingInitializeOnLoad (4ms)
			EditorAssembliesLoaded (0ms)
		ExecutionOrderSort2 (0ms)
		AwakeInstancesAfterBackupRestoration (11ms)
Refreshing native plugins compatible for Editor in 2.68 ms, found 4 plugins.
Preloading 0 native plugins for Editor in 0.00 ms.
Unloading 4126 Unused Serialized files (Serialized files now loaded: 0)
Unloading 23 unused Assets / (3.2 MB). Loaded Objects now: 4663.
Memory consumption went from 149.1 MB to 145.9 MB.
Total: 2.967700 ms (FindLiveObjects: 0.226100 ms CreateObjectMapping: 0.066300 ms MarkObjects: 2.386900 ms  DeleteObjects: 0.287100 ms)

Prepare: number of updated asset objects reloaded= 0
AssetImportParameters requested are different than current active one (requested -> active):
  custom:container-demuxer-ogg: 62fdf1f143b41e24485cea50d1cbac27 -> 
  custom:video-codec-MediaFoundation-h265: 746d11721c4dcdbdad8f713fa42b33f4 -> 
  custom:video-decoder-ogg-theora: a1e56fd34408186e4bbccfd4996cb3dc -> 
  custom:scripting/monoscript/fileName/import arts tool.cs: 237b7f1e2ce85762c320ae6570da3c38 -> 
  custom:framework-win-MediaFoundation: 216162199b28c13a410421893ffa2e32 -> 
  custom:CustomObjectIndexerAttribute: 9a22284fe3817be447336de3de66b15e -> 
  custom:container-demuxer-webm: 4f35f7cbe854078d1ac9338744f61a02 -> 
  custom:container-muxer-webm: aa71ff27fc2769a1b78a27578f13a17b -> 
  custom:video-decoder-webm-vp8: 9c59270c3fd7afecdb556c50c9e8de78 -> 
  custom:SearchIndexIgnoredProperties: e643bd26f0fe6173181afceb89e7c659 -> 
  custom:AudioImporter_EditorPlatform: d09bf68614088b80899f8185d706f6e7 -> 
  custom:video-encoder-webm-vp8: eb34c28f22e8b96e1ab97ce403110664 -> 
  custom:audio-decoder-ogg-vorbis: bf7c407c2cedff20999df2af8eb42d56 -> 
  custom:audio-encoder-webm-vorbis: bf7c407c2cedff20999df2af8eb42d56 -> 
  custom:scripting/monoscript/fileName/importArtsTool.cs: 237b7f1e2ce85762c320ae6570da3c38 -> 
  custom:scripting/precompiled-assembly-types:Assembly-CSharp: ad325cc74ea1367f5cb40141225e03b7 -> 93d1dcf58b8c43de648a4ca160d04165
========================================================================
Received Prepare
Caller must complete domain reload
Begin MonoManager ReloadAssembly
- Loaded All Assemblies, in  0.288 seconds
Native extension for WindowsStandalone target not found
Mono: successfully reloaded assembly
- Finished resetting the current domain, in  0.547 seconds
Domain Reload Profiling: 834ms
	BeginReloadAssembly (104ms)
		ExecutionOrderSort (0ms)
		DisableScriptedObjects (6ms)
		BackupInstance (0ms)
		ReleaseScriptingObjects (0ms)
		CreateAndSetChildDomain (22ms)
	RebuildCommonClasses (19ms)
	RebuildNativeTypeToScriptingClass (7ms)
	initialDomainReloadingComplete (18ms)
	LoadAllAssembliesAndSetupDomain (139ms)
		LoadAssemblies (182ms)
		RebuildTransferFunctionScriptingTraits (0ms)
		AnalyzeDomain (10ms)
			TypeCache.Refresh (5ms)
				TypeCache.ScanAssembly (0ms)
			ScanForSourceGeneratedMonoScriptInfo (0ms)
			ResolveRequiredComponents (3ms)
	FinalizeReload (548ms)
		ReleaseScriptCaches (0ms)
		RebuildScriptCaches (0ms)
		SetupLoadedEditorAssemblies (311ms)
			LogAssemblyErrors (0ms)
			InitializePlatformSupportModulesInManaged (3ms)
			SetLoadedEditorAssemblies (2ms)
			RefreshPlugins (0ms)
			BeforeProcessingInitializeOnLoad (43ms)
			ProcessInitializeOnLoadAttributes (236ms)
			ProcessInitializeOnLoadMethodAttributes (22ms)
			AfterProcessingInitializeOnLoad (5ms)
			EditorAssembliesLoaded (0ms)
		ExecutionOrderSort2 (0ms)
		AwakeInstancesAfterBackupRestoration (13ms)
Refreshing native plugins compatible for Editor in 2.54 ms, found 4 plugins.
Preloading 0 native plugins for Editor in 0.00 ms.
Unloading 4126 Unused Serialized files (Serialized files now loaded: 0)
Unloading 23 unused Assets / (3.2 MB). Loaded Objects now: 4667.
Memory consumption went from 149.1 MB to 145.9 MB.
Total: 4.172600 ms (FindLiveObjects: 0.431200 ms CreateObjectMapping: 0.104600 ms MarkObjects: 2.991500 ms  DeleteObjects: 0.643900 ms)

Prepare: number of updated asset objects reloaded= 0
AssetImportParameters requested are different than current active one (requested -> active):
  custom:container-demuxer-ogg: 62fdf1f143b41e24485cea50d1cbac27 -> 
  custom:video-codec-MediaFoundation-h265: 746d11721c4dcdbdad8f713fa42b33f4 -> 
  custom:video-decoder-ogg-theora: a1e56fd34408186e4bbccfd4996cb3dc -> 
  custom:scripting/monoscript/fileName/import arts tool.cs: 237b7f1e2ce85762c320ae6570da3c38 -> 
  custom:framework-win-MediaFoundation: 216162199b28c13a410421893ffa2e32 -> 
  custom:CustomObjectIndexerAttribute: 9a22284fe3817be447336de3de66b15e -> 
  custom:container-demuxer-webm: 4f35f7cbe854078d1ac9338744f61a02 -> 
  custom:container-muxer-webm: aa71ff27fc2769a1b78a27578f13a17b -> 
  custom:video-decoder-webm-vp8: 9c59270c3fd7afecdb556c50c9e8de78 -> 
  custom:SearchIndexIgnoredProperties: e643bd26f0fe6173181afceb89e7c659 -> 
  custom:AudioImporter_EditorPlatform: d09bf68614088b80899f8185d706f6e7 -> 
  custom:video-encoder-webm-vp8: eb34c28f22e8b96e1ab97ce403110664 -> 
  custom:audio-decoder-ogg-vorbis: bf7c407c2cedff20999df2af8eb42d56 -> 
  custom:audio-encoder-webm-vorbis: bf7c407c2cedff20999df2af8eb42d56 -> 
  custom:scripting/monoscript/fileName/importArtsTool.cs: 237b7f1e2ce85762c320ae6570da3c38 -> 
  custom:scripting/precompiled-assembly-types:Assembly-CSharp: ad325cc74ea1367f5cb40141225e03b7 -> 93d1dcf58b8c43de648a4ca160d04165
